<?xml version="1.0" encoding="UTF-8"?>
<robot generator="Robot 6.1.1 (Python 3.10.12 on win32)" generated="20240423 12:14:27.027" rpa="false" schemaversion="4">
<suite id="s1" name="scheduledWithTickets" source="c:\Users\nico2\Documents\AllRide\AllRide Testing RF\AllRide Test Cases\Test Cases\Scheduled Flow\ScheduledTickets\scheduledWithTickets.robot">
<test id="s1-t1" name="Set Date Variables" line="15">
<kw name="Get Current Date" library="DateTime">
<var>${fecha_hoy}</var>
<arg>result_format=%Y-%m-%d</arg>
<doc>Returns current local or UTC time with an optional increment.</doc>
<msg timestamp="20240423 12:14:28.307" level="INFO">${fecha_hoy} = 2024-04-23</msg>
<status status="PASS" starttime="20240423 12:14:28.307" endtime="20240423 12:14:28.309"/>
</kw>
<kw name="Set Global Variable" library="BuiltIn">
<arg>${fecha_hoy}</arg>
<doc>Makes a variable available globally in all tests and suites.</doc>
<msg timestamp="20240423 12:14:28.312" level="INFO">${fecha_hoy} = 2024-04-23</msg>
<status status="PASS" starttime="20240423 12:14:28.311" endtime="20240423 12:14:28.312"/>
</kw>
<kw name="Add Time To Date" library="DateTime">
<var>${fecha_manana}</var>
<arg>${fecha_hoy}</arg>
<arg>1 days</arg>
<arg>result_format=%Y-%m-%d</arg>
<doc>Adds time to date and returns the resulting date.</doc>
<msg timestamp="20240423 12:14:28.323" level="INFO">${fecha_manana} = 2024-04-24</msg>
<status status="PASS" starttime="20240423 12:14:28.313" endtime="20240423 12:14:28.323"/>
</kw>
<kw name="Set Global Variable" library="BuiltIn">
<arg>${fecha_manana}</arg>
<doc>Makes a variable available globally in all tests and suites.</doc>
<msg timestamp="20240423 12:14:28.325" level="INFO">${fecha_manana} = 2024-04-24</msg>
<status status="PASS" starttime="20240423 12:14:28.324" endtime="20240423 12:14:28.325"/>
</kw>
<kw name="Add Time To Date" library="DateTime">
<var>${fecha_pasado_manana}</var>
<arg>${fecha_hoy}</arg>
<arg>2 days</arg>
<arg>result_format=%Y-%m-%d</arg>
<doc>Adds time to date and returns the resulting date.</doc>
<msg timestamp="20240423 12:14:28.327" level="INFO">${fecha_pasado_manana} = 2024-04-25</msg>
<status status="PASS" starttime="20240423 12:14:28.327" endtime="20240423 12:14:28.328"/>
</kw>
<kw name="Set Global Variable" library="BuiltIn">
<arg>${fecha_pasado_manana}</arg>
<doc>Makes a variable available globally in all tests and suites.</doc>
<msg timestamp="20240423 12:14:28.330" level="INFO">${fecha_pasado_manana} = 2024-04-25</msg>
<status status="PASS" starttime="20240423 12:14:28.329" endtime="20240423 12:14:28.331"/>
</kw>
<kw name="Add Time To Date" library="DateTime">
<var>${fecha_pasado_pasado_manana}</var>
<arg>${fecha_hoy}</arg>
<arg>3 days</arg>
<arg>result_format=%Y-%m-%d</arg>
<doc>Adds time to date and returns the resulting date.</doc>
<msg timestamp="20240423 12:14:28.333" level="INFO">${fecha_pasado_pasado_manana} = 2024-04-26</msg>
<status status="PASS" starttime="20240423 12:14:28.332" endtime="20240423 12:14:28.333"/>
</kw>
<kw name="Set Global Variable" library="BuiltIn">
<arg>${fecha_pasado_pasado_manana}</arg>
<doc>Makes a variable available globally in all tests and suites.</doc>
<msg timestamp="20240423 12:14:28.335" level="INFO">${fecha_pasado_pasado_manana} = 2024-04-26</msg>
<status status="PASS" starttime="20240423 12:14:28.334" endtime="20240423 12:14:28.335"/>
</kw>
<kw name="Convert Date" library="DateTime">
<var>${dia_actual}</var>
<arg>${fecha_hoy}</arg>
<arg>result_format=%a</arg>
<doc>Converts between supported `date formats`.</doc>
<msg timestamp="20240423 12:14:28.337" level="INFO">${dia_actual} = Tue</msg>
<status status="PASS" starttime="20240423 12:14:28.336" endtime="20240423 12:14:28.337"/>
</kw>
<kw name="Set Variable" library="BuiltIn">
<var>${dia_actual_lower}</var>
<arg>${dia_actual.lower()}</arg>
<doc>Returns the given values which can then be assigned to a variables.</doc>
<msg timestamp="20240423 12:14:28.339" level="INFO">${dia_actual_lower} = tue</msg>
<status status="PASS" starttime="20240423 12:14:28.338" endtime="20240423 12:14:28.339"/>
</kw>
<kw name="Set Variable" library="BuiltIn">
<var>${arrival_date}</var>
<arg>${fecha_manana}T01:00:00.000Z</arg>
<doc>Returns the given values which can then be assigned to a variables.</doc>
<msg timestamp="20240423 12:14:28.340" level="INFO">${arrival_date} = 2024-04-24T01:00:00.000Z</msg>
<status status="PASS" starttime="20240423 12:14:28.340" endtime="20240423 12:14:28.341"/>
</kw>
<kw name="Set Global Variable" library="BuiltIn">
<arg>${arrival_date}</arg>
<doc>Makes a variable available globally in all tests and suites.</doc>
<msg timestamp="20240423 12:14:28.342" level="INFO">${arrival_date} = 2024-04-24T01:00:00.000Z</msg>
<status status="PASS" starttime="20240423 12:14:28.341" endtime="20240423 12:14:28.342"/>
</kw>
<kw name="Set Variable" library="BuiltIn">
<var>${r_estimated_arrival1}</var>
<arg>${fecha_manana}T14:45:57.000Z</arg>
<doc>Returns the given values which can then be assigned to a variables.</doc>
<msg timestamp="20240423 12:14:28.343" level="INFO">${r_estimated_arrival1} = 2024-04-24T14:45:57.000Z</msg>
<status status="PASS" starttime="20240423 12:14:28.343" endtime="20240423 12:14:28.343"/>
</kw>
<kw name="Set Global Variable" library="BuiltIn">
<arg>${r_estimated_arrival1}</arg>
<doc>Makes a variable available globally in all tests and suites.</doc>
<msg timestamp="20240423 12:14:28.345" level="INFO">${r_estimated_arrival1} = 2024-04-24T14:45:57.000Z</msg>
<status status="PASS" starttime="20240423 12:14:28.344" endtime="20240423 12:14:28.345"/>
</kw>
<kw name="Set Variable" library="BuiltIn">
<var>${service_date}</var>
<arg>${fecha_manana}T00:25:29.000Z</arg>
<doc>Returns the given values which can then be assigned to a variables.</doc>
<msg timestamp="20240423 12:14:28.347" level="INFO">${service_date} = 2024-04-24T00:25:29.000Z</msg>
<status status="PASS" starttime="20240423 12:14:28.345" endtime="20240423 12:14:28.347"/>
</kw>
<kw name="Set Global Variable" library="BuiltIn">
<arg>${service_date}</arg>
<doc>Makes a variable available globally in all tests and suites.</doc>
<msg timestamp="20240423 12:14:28.348" level="INFO">${service_date} = 2024-04-24T00:25:29.000Z</msg>
<status status="PASS" starttime="20240423 12:14:28.347" endtime="20240423 12:14:28.348"/>
</kw>
<kw name="Set Variable" library="BuiltIn">
<var>${modified_arrival_date}</var>
<arg>${fecha_manana}T01:00:00.000Z</arg>
<doc>Returns the given values which can then be assigned to a variables.</doc>
<msg timestamp="20240423 12:14:28.350" level="INFO">${modified_arrival_date} = 2024-04-24T01:00:00.000Z</msg>
<status status="PASS" starttime="20240423 12:14:28.349" endtime="20240423 12:14:28.350"/>
</kw>
<kw name="Set Global Variable" library="BuiltIn">
<arg>${modified_arrival_date}</arg>
<doc>Makes a variable available globally in all tests and suites.</doc>
<msg timestamp="20240423 12:14:28.351" level="INFO">${modified_arrival_date} = 2024-04-24T01:00:00.000Z</msg>
<status status="PASS" starttime="20240423 12:14:28.351" endtime="20240423 12:14:28.352"/>
</kw>
<kw name="Set Variable" library="BuiltIn">
<var>${r_modified_estimated_arrival}</var>
<arg>${fecha_pasado_manana}T14:45:57.000Z</arg>
<doc>Returns the given values which can then be assigned to a variables.</doc>
<msg timestamp="20240423 12:14:28.353" level="INFO">${r_modified_estimated_arrival} = 2024-04-25T14:45:57.000Z</msg>
<status status="PASS" starttime="20240423 12:14:28.352" endtime="20240423 12:14:28.353"/>
</kw>
<kw name="Set Global Variable" library="BuiltIn">
<arg>${r_modified_estimated_arrival}</arg>
<doc>Makes a variable available globally in all tests and suites.</doc>
<msg timestamp="20240423 12:14:28.355" level="INFO">${r_modified_estimated_arrival} = 2024-04-25T14:45:57.000Z</msg>
<status status="PASS" starttime="20240423 12:14:28.354" endtime="20240423 12:14:28.355"/>
</kw>
<kw name="Set Variable" library="BuiltIn">
<var>${modified_service_date}</var>
<arg>${fecha_manana}T00:25:29.000Z</arg>
<doc>Returns the given values which can then be assigned to a variables.</doc>
<msg timestamp="20240423 12:14:28.356" level="INFO">${modified_service_date} = 2024-04-24T00:25:29.000Z</msg>
<status status="PASS" starttime="20240423 12:14:28.356" endtime="20240423 12:14:28.357"/>
</kw>
<kw name="Set Global Variable" library="BuiltIn">
<arg>${modified_service_date}</arg>
<doc>Makes a variable available globally in all tests and suites.</doc>
<msg timestamp="20240423 12:14:28.358" level="INFO">${modified_service_date} = 2024-04-24T00:25:29.000Z</msg>
<status status="PASS" starttime="20240423 12:14:28.357" endtime="20240423 12:14:28.358"/>
</kw>
<kw name="Set Variable" library="BuiltIn">
<var>${service_date_20min}</var>
<arg>${fecha_manana}T00:20:00.000Z</arg>
<doc>Returns the given values which can then be assigned to a variables.</doc>
<msg timestamp="20240423 12:14:28.360" level="INFO">${service_date_20min} = 2024-04-24T00:20:00.000Z</msg>
<status status="PASS" starttime="20240423 12:14:28.359" endtime="20240423 12:14:28.360"/>
</kw>
<kw name="Set Global Variable" library="BuiltIn">
<arg>${service_date_20min}</arg>
<doc>Makes a variable available globally in all tests and suites.</doc>
<msg timestamp="20240423 12:14:28.361" level="INFO">${service_date_20min} = 2024-04-24T00:20:00.000Z</msg>
<status status="PASS" starttime="20240423 12:14:28.360" endtime="20240423 12:14:28.361"/>
</kw>
<kw name="Set Variable" library="BuiltIn">
<var>${service_date_22min}</var>
<arg>${fecha_manana}T00:47:00.000Z</arg>
<doc>Returns the given values which can then be assigned to a variables.</doc>
<msg timestamp="20240423 12:14:28.362" level="INFO">${service_date_22min} = 2024-04-24T00:47:00.000Z</msg>
<status status="PASS" starttime="20240423 12:14:28.362" endtime="20240423 12:14:28.362"/>
</kw>
<kw name="Set Global Variable" library="BuiltIn">
<arg>${service_date_22min}</arg>
<doc>Makes a variable available globally in all tests and suites.</doc>
<msg timestamp="20240423 12:14:28.363" level="INFO">${service_date_22min} = 2024-04-24T00:47:00.000Z</msg>
<status status="PASS" starttime="20240423 12:14:28.363" endtime="20240423 12:14:28.364"/>
</kw>
<kw name="Set Variable" library="BuiltIn">
<var>${start_date}</var>
<arg>${fecha_manana}T03:00:00.000Z</arg>
<doc>Returns the given values which can then be assigned to a variables.</doc>
<msg timestamp="20240423 12:14:28.365" level="INFO">${start_date} = 2024-04-24T03:00:00.000Z</msg>
<status status="PASS" starttime="20240423 12:14:28.364" endtime="20240423 12:14:28.365"/>
</kw>
<kw name="Set Global Variable" library="BuiltIn">
<arg>${start_date}</arg>
<doc>Makes a variable available globally in all tests and suites.</doc>
<msg timestamp="20240423 12:14:28.367" level="INFO">${start_date} = 2024-04-24T03:00:00.000Z</msg>
<status status="PASS" starttime="20240423 12:14:28.367" endtime="20240423 12:14:28.367"/>
</kw>
<kw name="Set Variable" library="BuiltIn">
<var>${end_date_4weeks}</var>
<arg>2023-12-30T02:59:59.999Z</arg>
<doc>Returns the given values which can then be assigned to a variables.</doc>
<msg timestamp="20240423 12:14:28.369" level="INFO">${end_date_4weeks} = 2023-12-30T02:59:59.999Z</msg>
<status status="PASS" starttime="20240423 12:14:28.368" endtime="20240423 12:14:28.369"/>
</kw>
<kw name="Set Global Variable" library="BuiltIn">
<arg>${end_date_4weeks}</arg>
<doc>Makes a variable available globally in all tests and suites.</doc>
<msg timestamp="20240423 12:14:28.370" level="INFO">${end_date_4weeks} = 2023-12-30T02:59:59.999Z</msg>
<status status="PASS" starttime="20240423 12:14:28.370" endtime="20240423 12:14:28.371"/>
</kw>
<kw name="Set Variable" library="BuiltIn">
<var>${end_date}</var>
<arg>${fecha_pasado_pasado_manana}T03:00:00.000Z</arg>
<doc>Returns the given values which can then be assigned to a variables.</doc>
<msg timestamp="20240423 12:14:28.373" level="INFO">${end_date} = 2024-04-26T03:00:00.000Z</msg>
<status status="PASS" starttime="20240423 12:14:28.372" endtime="20240423 12:14:28.373"/>
</kw>
<kw name="Set Global Variable" library="BuiltIn">
<arg>${end_date}</arg>
<doc>Makes a variable available globally in all tests and suites.</doc>
<msg timestamp="20240423 12:14:28.375" level="INFO">${end_date} = 2024-04-26T03:00:00.000Z</msg>
<status status="PASS" starttime="20240423 12:14:28.374" endtime="20240423 12:14:28.375"/>
</kw>
<kw name="Set Variable" library="BuiltIn">
<var>${end_date_tomorrow}</var>
<arg>${fecha_manana}T03:00:00.000Z</arg>
<doc>Returns the given values which can then be assigned to a variables.</doc>
<msg timestamp="20240423 12:14:28.377" level="INFO">${end_date_tomorrow} = 2024-04-24T03:00:00.000Z</msg>
<status status="PASS" starttime="20240423 12:14:28.376" endtime="20240423 12:14:28.377"/>
</kw>
<kw name="Set Global Variable" library="BuiltIn">
<arg>${end_date_tomorrow}</arg>
<doc>Makes a variable available globally in all tests and suites.</doc>
<msg timestamp="20240423 12:14:28.377" level="INFO">${end_date_tomorrow} = 2024-04-24T03:00:00.000Z</msg>
<status status="PASS" starttime="20240423 12:14:28.377" endtime="20240423 12:14:28.378"/>
</kw>
<kw name="Set Variable" library="BuiltIn">
<var>${schedule_day}</var>
<arg>${dia_actual_lower}</arg>
<doc>Returns the given values which can then be assigned to a variables.</doc>
<msg timestamp="20240423 12:14:28.379" level="INFO">${schedule_day} = tue</msg>
<status status="PASS" starttime="20240423 12:14:28.378" endtime="20240423 12:14:28.379"/>
</kw>
<kw name="Set Global Variable" library="BuiltIn">
<arg>${schedule_day}</arg>
<doc>Makes a variable available globally in all tests and suites.</doc>
<msg timestamp="20240423 12:14:28.381" level="INFO">${schedule_day} = tue</msg>
<status status="PASS" starttime="20240423 12:14:28.380" endtime="20240423 12:14:28.381"/>
</kw>
<kw name="Set Variable" library="BuiltIn">
<var>${start_date_today}</var>
<arg>${fecha_hoy}T03:00:00.000Z</arg>
<doc>Returns the given values which can then be assigned to a variables.</doc>
<msg timestamp="20240423 12:14:28.382" level="INFO">${start_date_today} = 2024-04-23T03:00:00.000Z</msg>
<status status="PASS" starttime="20240423 12:14:28.382" endtime="20240423 12:14:28.382"/>
</kw>
<kw name="Set Global Variable" library="BuiltIn">
<arg>${start_date_today}</arg>
<doc>Makes a variable available globally in all tests and suites.</doc>
<msg timestamp="20240423 12:14:28.384" level="INFO">${start_date_today} = 2024-04-23T03:00:00.000Z</msg>
<status status="PASS" starttime="20240423 12:14:28.383" endtime="20240423 12:14:28.384"/>
</kw>
<kw name="Set Variable" library="BuiltIn">
<var>${today_date}</var>
<arg>${fecha_hoy}</arg>
<doc>Returns the given values which can then be assigned to a variables.</doc>
<msg timestamp="20240423 12:14:28.385" level="INFO">${today_date} = 2024-04-23</msg>
<status status="PASS" starttime="20240423 12:14:28.384" endtime="20240423 12:14:28.385"/>
</kw>
<kw name="Set Global Variable" library="BuiltIn">
<arg>${today_date}</arg>
<doc>Makes a variable available globally in all tests and suites.</doc>
<msg timestamp="20240423 12:14:28.387" level="INFO">${today_date} = 2024-04-23</msg>
<status status="PASS" starttime="20240423 12:14:28.387" endtime="20240423 12:14:28.388"/>
</kw>
<kw name="Set Variable" library="BuiltIn">
<var>${end_date_tomorrow2}</var>
<arg>${fecha_manana}T02:59:59.999Z</arg>
<doc>Returns the given values which can then be assigned to a variables.</doc>
<msg timestamp="20240423 12:14:28.389" level="INFO">${end_date_tomorrow2} = 2024-04-24T02:59:59.999Z</msg>
<status status="PASS" starttime="20240423 12:14:28.388" endtime="20240423 12:14:28.390"/>
</kw>
<kw name="Set Global Variable" library="BuiltIn">
<arg>${end_date_tomorrow}</arg>
<doc>Makes a variable available globally in all tests and suites.</doc>
<msg timestamp="20240423 12:14:28.391" level="INFO">${end_date_tomorrow} = 2024-04-24T03:00:00.000Z</msg>
<status status="PASS" starttime="20240423 12:14:28.391" endtime="20240423 12:14:28.392"/>
</kw>
<kw name="Set Variable" library="BuiltIn">
<var>${expiration_date_qr}</var>
<arg>${fecha_manana}T14:10:37.968Z</arg>
<doc>Returns the given values which can then be assigned to a variables.</doc>
<msg timestamp="20240423 12:14:28.393" level="INFO">${expiration_date_qr} = 2024-04-24T14:10:37.968Z</msg>
<status status="PASS" starttime="20240423 12:14:28.392" endtime="20240423 12:14:28.394"/>
</kw>
<kw name="Set Global Variable" library="BuiltIn">
<arg>${expiration_date_qr}</arg>
<doc>Makes a variable available globally in all tests and suites.</doc>
<msg timestamp="20240423 12:14:28.395" level="INFO">${expiration_date_qr} = 2024-04-24T14:10:37.968Z</msg>
<status status="PASS" starttime="20240423 12:14:28.394" endtime="20240423 12:14:28.396"/>
</kw>
<kw name="Set Variable" library="BuiltIn">
<var>${start_date_tickets}</var>
<arg>${fecha_hoy}T04:00:00.000Z</arg>
<doc>Returns the given values which can then be assigned to a variables.</doc>
<msg timestamp="20240423 12:14:28.397" level="INFO">${start_date_tickets} = 2024-04-23T04:00:00.000Z</msg>
<status status="PASS" starttime="20240423 12:14:28.396" endtime="20240423 12:14:28.397"/>
</kw>
<kw name="Set Global Variable" library="BuiltIn">
<arg>${start_date_tickets}</arg>
<doc>Makes a variable available globally in all tests and suites.</doc>
<msg timestamp="20240423 12:14:28.398" level="INFO">${start_date_tickets} = 2024-04-23T04:00:00.000Z</msg>
<status status="PASS" starttime="20240423 12:14:28.398" endtime="20240423 12:14:28.398"/>
</kw>
<kw name="Set Variable" library="BuiltIn">
<var>${end_date_tickets}</var>
<arg>${fecha_manana}T03:59:59.999Z</arg>
<doc>Returns the given values which can then be assigned to a variables.</doc>
<msg timestamp="20240423 12:14:28.400" level="INFO">${end_date_tickets} = 2024-04-24T03:59:59.999Z</msg>
<status status="PASS" starttime="20240423 12:14:28.399" endtime="20240423 12:14:28.400"/>
</kw>
<kw name="Set Global Variable" library="BuiltIn">
<arg>${end_date_tickets}</arg>
<doc>Makes a variable available globally in all tests and suites.</doc>
<msg timestamp="20240423 12:14:28.401" level="INFO">${end_date_tickets} = 2024-04-24T03:59:59.999Z</msg>
<status status="PASS" starttime="20240423 12:14:28.401" endtime="20240423 12:14:28.402"/>
</kw>
<status status="PASS" starttime="20240423 12:14:28.305" endtime="20240423 12:14:28.402"/>
</test>
<test id="s1-t2" name="Get Requested Tickets(Must be 0)" line="69">
<kw name="Set Variable" library="BuiltIn">
<var>${url}</var>
<arg>${TESTING_URL}/api/v1/admin/pb/ticket/request/list/?community=${idComunidad}</arg>
<doc>Returns the given values which can then be assigned to a variables.</doc>
<msg timestamp="20240423 12:14:28.405" level="INFO">${url} = https://testing.allrideapp.com/api/v1/admin/pb/ticket/request/list/?community=65d35f4f1779211359d1bb2e</msg>
<status status="PASS" starttime="20240423 12:14:28.405" endtime="20240423 12:14:28.405"/>
</kw>
<kw name="Create Dictionary" library="BuiltIn">
<var>&amp;{headers}</var>
<arg>Authorization=${tokenAdmin}</arg>
<doc>Creates and returns a dictionary based on the given ``items``.</doc>
<msg timestamp="20240423 12:14:28.408" level="INFO">&amp;{headers} = { Authorization=Bearer 4c6ac6218d8d9fe1261f2af513dd8a136985a70a944fdeb349f56a0f57a682aacfbe5726ca15be917c064b046afc7e3e08c7bdcb35f7b66371244e9d621adc41 }</msg>
<status status="PASS" starttime="20240423 12:14:28.407" endtime="20240423 12:14:28.408"/>
</kw>
<kw name="GET" library="RequestsLibrary">
<var>${response}</var>
<arg>url=${url}</arg>
<arg>headers=${headers}</arg>
<doc>Sends a GET request.</doc>
<msg timestamp="20240423 12:14:29.241" level="INFO">GET Request : url=https://testing.allrideapp.com/api/v1/admin/pb/ticket/request/list/?community=65d35f4f1779211359d1bb2e 
 path_url=/api/v1/admin/pb/ticket/request/list/?community=65d35f4f1779211359d1bb2e 
 headers={'User-Agent': 'python-requests/2.31.0', 'Accept-Encoding': 'gzip, deflate', 'Accept': '*/*', 'Connection': 'keep-alive', 'Authorization': 'Bearer 4c6ac6218d8d9fe1261f2af513dd8a136985a70a944fdeb349f56a0f57a682aacfbe5726ca15be917c064b046afc7e3e08c7bdcb35f7b66371244e9d621adc41'} 
 body=None 
 </msg>
<msg timestamp="20240423 12:14:29.242" level="INFO">GET Response : url=https://testing.allrideapp.com/api/v1/admin/pb/ticket/request/list/?community=65d35f4f1779211359d1bb2e 
 status=200, reason=OK 
 headers={'Date': 'Tue, 23 Apr 2024 16:14:29 GMT', 'Content-Type': 'application/json; charset=utf-8', 'Content-Length': '2', 'Connection': 'keep-alive', 'Server': 'nginx', 'X-DNS-Prefetch-Control': 'off', 'X-Frame-Options': 'SAMEORIGIN', 'Strict-Transport-Security': 'max-age=15552000; includeSubDomains', 'X-Download-Options': 'noopen', 'X-Content-Type-Options': 'nosniff', 'X-XSS-Protection': '1; mode=block', 'Access-Control-Allow-Origin': '*', 'X-RateLimit-Limit': '200', 'X-RateLimit-Remaining': '199', 'X-RateLimit-Reset': '1713888928', 'ETag': 'W/"2-l9Fw4VUO7kr8CvBlt4zaMCqXZ0w"'} 
 body=[] 
 </msg>
<msg timestamp="20240423 12:14:29.242" level="INFO">${response} = &lt;Response [200]&gt;</msg>
<status status="PASS" starttime="20240423 12:14:28.409" endtime="20240423 12:14:29.242"/>
</kw>
<kw name="Should Be Equal As Numbers" library="BuiltIn">
<arg>${response.status_code}</arg>
<arg>200</arg>
<doc>Fails if objects are unequal after converting them to real numbers.</doc>
<msg timestamp="20240423 12:14:29.244" level="INFO">Argument types are:
&lt;class 'int'&gt;
&lt;class 'str'&gt;</msg>
<status status="PASS" starttime="20240423 12:14:29.243" endtime="20240423 12:14:29.245"/>
</kw>
<kw name="Set Variable" library="BuiltIn">
<var>${responseJson}</var>
<arg>${response.json()}</arg>
<doc>Returns the given values which can then be assigned to a variables.</doc>
<msg timestamp="20240423 12:14:29.247" level="INFO">${responseJson} = []</msg>
<status status="PASS" starttime="20240423 12:14:29.245" endtime="20240423 12:14:29.247"/>
</kw>
<kw name="Should Be Empty" library="BuiltIn">
<arg>${responseJson}</arg>
<doc>Verifies that the given item is empty.</doc>
<msg timestamp="20240423 12:14:29.249" level="INFO">Length is 0</msg>
<status status="PASS" starttime="20240423 12:14:29.248" endtime="20240423 12:14:29.249"/>
</kw>
<kw name="Log" library="BuiltIn">
<arg>${responseJson}</arg>
<doc>Logs the given message with the given level.</doc>
<msg timestamp="20240423 12:14:29.250" level="INFO">[]</msg>
<status status="PASS" starttime="20240423 12:14:29.249" endtime="20240423 12:14:29.250"/>
</kw>
<status status="PASS" starttime="20240423 12:14:28.404" endtime="20240423 12:14:29.251"/>
</test>
<test id="s1-t3" name="Get Total Tickets" line="87">
<kw name="Set Variable" library="BuiltIn">
<var>${url}</var>
<arg>${TESTING_URL}/api/v1/admin/pb/ticket/list?community=${idComunidad}</arg>
<doc>Returns the given values which can then be assigned to a variables.</doc>
<msg timestamp="20240423 12:14:29.254" level="INFO">${url} = https://testing.allrideapp.com/api/v1/admin/pb/ticket/list?community=65d35f4f1779211359d1bb2e</msg>
<status status="PASS" starttime="20240423 12:14:29.253" endtime="20240423 12:14:29.254"/>
</kw>
<kw name="Create Dictionary" library="BuiltIn">
<var>&amp;{headers}</var>
<arg>Authorization=${tokenAdmin}</arg>
<doc>Creates and returns a dictionary based on the given ``items``.</doc>
<msg timestamp="20240423 12:14:29.256" level="INFO">&amp;{headers} = { Authorization=Bearer 4c6ac6218d8d9fe1261f2af513dd8a136985a70a944fdeb349f56a0f57a682aacfbe5726ca15be917c064b046afc7e3e08c7bdcb35f7b66371244e9d621adc41 }</msg>
<status status="PASS" starttime="20240423 12:14:29.256" endtime="20240423 12:14:29.257"/>
</kw>
<kw name="Get Current Date" library="DateTime">
<var>${start_time}</var>
<arg>result_format=%H:%M:%S.%f</arg>
<doc>Returns current local or UTC time with an optional increment.</doc>
<msg timestamp="20240423 12:14:29.258" level="INFO">${start_time} = 12:14:29.257891</msg>
<status status="PASS" starttime="20240423 12:14:29.257" endtime="20240423 12:14:29.259"/>
</kw>
<kw name="GET" library="RequestsLibrary">
<var>${response}</var>
<arg>url=${url}</arg>
<arg>headers=${headers}</arg>
<doc>Sends a GET request.</doc>
<msg timestamp="20240423 12:14:30.089" level="INFO">GET Request : url=https://testing.allrideapp.com/api/v1/admin/pb/ticket/list?community=65d35f4f1779211359d1bb2e 
 path_url=/api/v1/admin/pb/ticket/list?community=65d35f4f1779211359d1bb2e 
 headers={'User-Agent': 'python-requests/2.31.0', 'Accept-Encoding': 'gzip, deflate', 'Accept': '*/*', 'Connection': 'keep-alive', 'Authorization': 'Bearer 4c6ac6218d8d9fe1261f2af513dd8a136985a70a944fdeb349f56a0f57a682aacfbe5726ca15be917c064b046afc7e3e08c7bdcb35f7b66371244e9d621adc41'} 
 body=None 
 </msg>
<msg timestamp="20240423 12:14:30.090" level="INFO">GET Response : url=https://testing.allrideapp.com/api/v1/admin/pb/ticket/list?community=65d35f4f1779211359d1bb2e 
 status=200, reason=OK 
 headers={'Date': 'Tue, 23 Apr 2024 16:14:30 GMT', 'Content-Type': 'application/json; charset=utf-8', 'Content-Length': '2', 'Connection': 'keep-alive', 'Server': 'nginx', 'X-DNS-Prefetch-Control': 'off', 'X-Frame-Options': 'SAMEORIGIN', 'Strict-Transport-Security': 'max-age=15552000; includeSubDomains', 'X-Download-Options': 'noopen', 'X-Content-Type-Options': 'nosniff', 'X-XSS-Protection': '1; mode=block', 'Access-Control-Allow-Origin': '*', 'X-RateLimit-Limit': '200', 'X-RateLimit-Remaining': '199', 'X-RateLimit-Reset': '1713888928', 'ETag': 'W/"2-kQMq17vLbPcodejoIH3PuoAXP3w"'} 
 body=20 
 </msg>
<msg timestamp="20240423 12:14:30.090" level="INFO">${response} = &lt;Response [200]&gt;</msg>
<status status="PASS" starttime="20240423 12:14:29.260" endtime="20240423 12:14:30.090"/>
</kw>
<kw name="Should Be Equal As Numbers" library="BuiltIn">
<arg>${response.status_code}</arg>
<arg>200</arg>
<doc>Fails if objects are unequal after converting them to real numbers.</doc>
<msg timestamp="20240423 12:14:30.093" level="INFO">Argument types are:
&lt;class 'int'&gt;
&lt;class 'str'&gt;</msg>
<status status="PASS" starttime="20240423 12:14:30.091" endtime="20240423 12:14:30.094"/>
</kw>
<kw name="Get Current Date" library="DateTime">
<var>${end_time}</var>
<arg>result_format=%H:%M:%S.%f</arg>
<doc>Returns current local or UTC time with an optional increment.</doc>
<msg timestamp="20240423 12:14:30.095" level="INFO">${end_time} = 12:14:30.094558</msg>
<status status="PASS" starttime="20240423 12:14:30.095" endtime="20240423 12:14:30.095"/>
</kw>
<kw name="Subtract Time From Time" library="DateTime">
<var>${elapsed}</var>
<arg>${end_time}</arg>
<arg>${start_time}</arg>
<doc>Subtracts time from another time and returns the resulting time.</doc>
<msg timestamp="20240423 12:14:30.096" level="INFO">${elapsed} = 0.8366669999959413</msg>
<status status="PASS" starttime="20240423 12:14:30.096" endtime="20240423 12:14:30.096"/>
</kw>
<kw name="Log" library="BuiltIn">
<arg>Elapsed time: ${elapsed}</arg>
<doc>Logs the given message with the given level.</doc>
<msg timestamp="20240423 12:14:30.098" level="INFO">Elapsed time: 0.8366669999959413</msg>
<status status="PASS" starttime="20240423 12:14:30.097" endtime="20240423 12:14:30.098"/>
</kw>
<kw name="Set Variable" library="BuiltIn">
<var>${totalTickets}</var>
<arg>${response.json()}</arg>
<doc>Returns the given values which can then be assigned to a variables.</doc>
<msg timestamp="20240423 12:14:30.100" level="INFO">${totalTickets} = 20</msg>
<status status="PASS" starttime="20240423 12:14:30.098" endtime="20240423 12:14:30.100"/>
</kw>
<kw name="Set Global Variable" library="BuiltIn">
<arg>${totalTickets}</arg>
<doc>Makes a variable available globally in all tests and suites.</doc>
<msg timestamp="20240423 12:14:30.102" level="INFO">${totalTickets} = 20</msg>
<status status="PASS" starttime="20240423 12:14:30.101" endtime="20240423 12:14:30.102"/>
</kw>
<kw name="Log" library="BuiltIn">
<arg>La cantidad total de tickets es ${totalTickets}</arg>
<doc>Logs the given message with the given level.</doc>
<msg timestamp="20240423 12:14:30.104" level="INFO">La cantidad total de tickets es 20</msg>
<status status="PASS" starttime="20240423 12:14:30.103" endtime="20240423 12:14:30.104"/>
</kw>
<status status="PASS" starttime="20240423 12:14:29.252" endtime="20240423 12:14:30.105"/>
</test>
<test id="s1-t4" name="Request Tickets" line="115">
<kw name="Create Session" library="RequestsLibrary">
<arg>mysesion</arg>
<arg>${TESTING_URL}</arg>
<arg>verify=true</arg>
<doc>Create Session: create a HTTP session to a server</doc>
<msg timestamp="20240423 12:14:30.109" level="INFO">Creating Session using : alias=mysesion, url=https://testing.allrideapp.com, headers={},                     cookies={}, auth=None, timeout=None, proxies=None, verify=True,                     debug=0 </msg>
<status status="PASS" starttime="20240423 12:14:30.108" endtime="20240423 12:14:30.110"/>
</kw>
<kw name="Create Dictionary" library="BuiltIn">
<var>${headers}</var>
<arg>Authorization=${tokenAdmin}</arg>
<arg>Content-Type=application/json; charset=utf-8</arg>
<doc>Creates and returns a dictionary based on the given ``items``.</doc>
<msg timestamp="20240423 12:14:30.112" level="INFO">${headers} = {'Authorization': 'Bearer 4c6ac6218d8d9fe1261f2af513dd8a136985a70a944fdeb349f56a0f57a682aacfbe5726ca15be917c064b046afc7e3e08c7bdcb35f7b66371244e9d621adc41', 'Content-Type': 'application/json; charset=...</msg>
<status status="PASS" starttime="20240423 12:14:30.111" endtime="20240423 12:14:30.112"/>
</kw>
<kw name="POST On Session" library="RequestsLibrary">
<var>${response}</var>
<arg>mysesion</arg>
<arg>url=/api/v1/admin/pb/ticket/request?community=${idComunidad}</arg>
<arg>data={"ticketQuantity":1,"cost":10,"voucherUrl":"https://s3.amazonaws.com/allride.uploads/privateBuses_voucher_653fd601f90509541a748683_1710787761571.pdf"}</arg>
<arg>headers=${headers}</arg>
<doc>Sends a POST request on a previously created HTTP Session.</doc>
<msg timestamp="20240423 12:14:30.990" level="INFO">POST Request : url=https://testing.allrideapp.com/api/v1/admin/pb/ticket/request?community=65d35f4f1779211359d1bb2e 
 path_url=/api/v1/admin/pb/ticket/request?community=65d35f4f1779211359d1bb2e 
 headers={'User-Agent': 'python-requests/2.31.0', 'Accept-Encoding': 'gzip, deflate', 'Accept': '*/*', 'Connection': 'keep-alive', 'Authorization': 'Bearer 4c6ac6218d8d9fe1261f2af513dd8a136985a70a944fdeb349f56a0f57a682aacfbe5726ca15be917c064b046afc7e3e08c7bdcb35f7b66371244e9d621adc41', 'Content-Type': 'application/json; charset=utf-8', 'Content-Length': '150'} 
 body={"ticketQuantity":1,"cost":10,"voucherUrl":"https://s3.amazonaws.com/allride.uploads/privateBuses_voucher_653fd601f90509541a748683_1710787761571.pdf"} 
 </msg>
<msg timestamp="20240423 12:14:30.990" level="INFO">POST Response : url=https://testing.allrideapp.com/api/v1/admin/pb/ticket/request?community=65d35f4f1779211359d1bb2e 
 status=200, reason=OK 
 headers={'Date': 'Tue, 23 Apr 2024 16:14:31 GMT', 'Content-Type': 'application/json; charset=utf-8', 'Content-Length': '395', 'Connection': 'keep-alive', 'Server': 'nginx', 'X-DNS-Prefetch-Control': 'off', 'X-Frame-Options': 'SAMEORIGIN', 'Strict-Transport-Security': 'max-age=15552000; includeSubDomains', 'X-Download-Options': 'noopen', 'X-Content-Type-Options': 'nosniff', 'X-XSS-Protection': '1; mode=block', 'Access-Control-Allow-Origin': '*', 'X-RateLimit-Limit': '200', 'X-RateLimit-Remaining': '199', 'X-RateLimit-Reset': '1713888924', 'ETag': 'W/"18b-lEj2i5UHF3HRGHhyo63yWjkNcng"'} 
 body={"_id":"6627de676d5c64eac98998e0","communityId":"65d35f4f1779211359d1bb2e","ticketQuantity":1,"cost":10,"voucherUrl":"https://s3.amazonaws.com/allride.uploads/privateBuses_voucher_653fd601f90509541a748683_1710787761571.pdf","state":"pendingApproval","history":[],"superCommunityId":"65d4ab3b8b93abd1456cf0d1","createdAt":"2024-04-23T16:14:31.608Z","updatedAt":"2024-04-23T16:14:31.608Z","__v":0} 
 </msg>
<msg timestamp="20240423 12:14:30.992" level="INFO">${response} = &lt;Response [200]&gt;</msg>
<status status="PASS" starttime="20240423 12:14:30.113" endtime="20240423 12:14:30.992"/>
</kw>
<kw name="Convert To String" library="BuiltIn">
<var>${code}</var>
<arg>${response.status_code}</arg>
<doc>Converts the given item to a Unicode string.</doc>
<msg timestamp="20240423 12:14:30.995" level="INFO">${code} = 200</msg>
<status status="PASS" starttime="20240423 12:14:30.993" endtime="20240423 12:14:30.995"/>
</kw>
<kw name="Should Be Equal As Numbers" library="BuiltIn">
<arg>${code}</arg>
<arg>200</arg>
<doc>Fails if objects are unequal after converting them to real numbers.</doc>
<status status="PASS" starttime="20240423 12:14:30.996" endtime="20240423 12:14:30.996"/>
</kw>
<kw name="Log" library="BuiltIn">
<arg>${code}</arg>
<doc>Logs the given message with the given level.</doc>
<msg timestamp="20240423 12:14:30.998" level="INFO">200</msg>
<status status="PASS" starttime="20240423 12:14:30.997" endtime="20240423 12:14:30.998"/>
</kw>
<kw name="Set Variable" library="BuiltIn">
<var>${ticketRequestId}</var>
<arg>${response.json()}[_id]</arg>
<doc>Returns the given values which can then be assigned to a variables.</doc>
<msg timestamp="20240423 12:14:31.001" level="INFO">${ticketRequestId} = 6627de676d5c64eac98998e0</msg>
<status status="PASS" starttime="20240423 12:14:30.999" endtime="20240423 12:14:31.001"/>
</kw>
<kw name="Set Variable" library="BuiltIn">
<var>${ticketRequestQty}</var>
<arg>${response.json()}[ticketQuantity]</arg>
<doc>Returns the given values which can then be assigned to a variables.</doc>
<msg timestamp="20240423 12:14:31.004" level="INFO">${ticketRequestQty} = 1</msg>
<status status="PASS" starttime="20240423 12:14:31.002" endtime="20240423 12:14:31.005"/>
</kw>
<kw name="Set Global Variable" library="BuiltIn">
<arg>${ticketRequestId}</arg>
<doc>Makes a variable available globally in all tests and suites.</doc>
<msg timestamp="20240423 12:14:31.007" level="INFO">${ticketRequestId} = 6627de676d5c64eac98998e0</msg>
<status status="PASS" starttime="20240423 12:14:31.005" endtime="20240423 12:14:31.008"/>
</kw>
<kw name="Set Global Variable" library="BuiltIn">
<arg>${ticketRequestQty}</arg>
<doc>Makes a variable available globally in all tests and suites.</doc>
<msg timestamp="20240423 12:14:31.009" level="INFO">${ticketRequestQty} = 1</msg>
<status status="PASS" starttime="20240423 12:14:31.009" endtime="20240423 12:14:31.009"/>
</kw>
<kw name="Should Be Equal As Strings" library="BuiltIn">
<arg>pendingApproval</arg>
<arg>${response.json()}[state]</arg>
<doc>Fails if objects are unequal after converting them to strings.</doc>
<status status="PASS" starttime="20240423 12:14:31.010" endtime="20240423 12:14:31.012"/>
</kw>
<kw name="Log" library="BuiltIn">
<arg>${ticketRequestId}</arg>
<doc>Logs the given message with the given level.</doc>
<msg timestamp="20240423 12:14:31.014" level="INFO">6627de676d5c64eac98998e0</msg>
<status status="PASS" starttime="20240423 12:14:31.013" endtime="20240423 12:14:31.014"/>
</kw>
<kw name="Log" library="BuiltIn">
<arg>${ticketRequestQty}</arg>
<doc>Logs the given message with the given level.</doc>
<msg timestamp="20240423 12:14:31.016" level="INFO">1</msg>
<status status="PASS" starttime="20240423 12:14:31.015" endtime="20240423 12:14:31.016"/>
</kw>
<status status="PASS" starttime="20240423 12:14:30.107" endtime="20240423 12:14:31.017"/>
</test>
<test id="s1-t5" name="Get Requested Tickets(Should Not Be 0)" line="140">
<kw name="Set Variable" library="BuiltIn">
<var>${url}</var>
<arg>${TESTING_URL}/api/v1/admin/pb/ticket/request/list/?community=${idComunidad}</arg>
<doc>Returns the given values which can then be assigned to a variables.</doc>
<msg timestamp="20240423 12:14:31.021" level="INFO">${url} = https://testing.allrideapp.com/api/v1/admin/pb/ticket/request/list/?community=65d35f4f1779211359d1bb2e</msg>
<status status="PASS" starttime="20240423 12:14:31.020" endtime="20240423 12:14:31.021"/>
</kw>
<kw name="Create Dictionary" library="BuiltIn">
<var>&amp;{headers}</var>
<arg>Authorization=${tokenAdmin}</arg>
<doc>Creates and returns a dictionary based on the given ``items``.</doc>
<msg timestamp="20240423 12:14:31.023" level="INFO">&amp;{headers} = { Authorization=Bearer 4c6ac6218d8d9fe1261f2af513dd8a136985a70a944fdeb349f56a0f57a682aacfbe5726ca15be917c064b046afc7e3e08c7bdcb35f7b66371244e9d621adc41 }</msg>
<status status="PASS" starttime="20240423 12:14:31.022" endtime="20240423 12:14:31.023"/>
</kw>
<kw name="GET" library="RequestsLibrary">
<var>${response}</var>
<arg>url=${url}</arg>
<arg>headers=${headers}</arg>
<doc>Sends a GET request.</doc>
<msg timestamp="20240423 12:14:31.894" level="INFO">GET Request : url=https://testing.allrideapp.com/api/v1/admin/pb/ticket/request/list/?community=65d35f4f1779211359d1bb2e 
 path_url=/api/v1/admin/pb/ticket/request/list/?community=65d35f4f1779211359d1bb2e 
 headers={'User-Agent': 'python-requests/2.31.0', 'Accept-Encoding': 'gzip, deflate', 'Accept': '*/*', 'Connection': 'keep-alive', 'Authorization': 'Bearer 4c6ac6218d8d9fe1261f2af513dd8a136985a70a944fdeb349f56a0f57a682aacfbe5726ca15be917c064b046afc7e3e08c7bdcb35f7b66371244e9d621adc41'} 
 body=None 
 </msg>
<msg timestamp="20240423 12:14:31.894" level="INFO">GET Response : url=https://testing.allrideapp.com/api/v1/admin/pb/ticket/request/list/?community=65d35f4f1779211359d1bb2e 
 status=200, reason=OK 
 headers={'Date': 'Tue, 23 Apr 2024 16:14:32 GMT', 'Content-Type': 'application/json; charset=utf-8', 'Content-Length': '438', 'Connection': 'keep-alive', 'Server': 'nginx', 'X-DNS-Prefetch-Control': 'off', 'X-Frame-Options': 'SAMEORIGIN', 'Strict-Transport-Security': 'max-age=15552000; includeSubDomains', 'X-Download-Options': 'noopen', 'X-Content-Type-Options': 'nosniff', 'X-XSS-Protection': '1; mode=block', 'Access-Control-Allow-Origin': '*', 'X-RateLimit-Limit': '200', 'X-RateLimit-Remaining': '199', 'X-RateLimit-Reset': '1713888924', 'ETag': 'W/"1b6-OTjQiJbssQWfvEGd39DkxG8leec"'} 
 body=[{"_id":"6627de676d5c64eac98998e0","communityId":{"_id":"65d35f4f1779211359d1bb2e","name":"Pruebas Automatización"},"ticketQuantity":1,"cost":10,"voucherUrl":"https://s3.amazonaws.com/allride.uploads/privateBuses_voucher_653fd601f90509541a748683_1710787761571.pdf","state":"pendingApproval","history":[],"superCommunityId":"65d4ab3b8b93abd1456cf0d1","createdAt":"2024-04-23T16:14:31.608Z","updatedAt":"2024-04-23T16:14:31.608Z","__v":0}] 
 </msg>
<msg timestamp="20240423 12:14:31.895" level="INFO">${response} = &lt;Response [200]&gt;</msg>
<status status="PASS" starttime="20240423 12:14:31.024" endtime="20240423 12:14:31.895"/>
</kw>
<kw name="Should Be Equal As Numbers" library="BuiltIn">
<arg>${response.status_code}</arg>
<arg>200</arg>
<doc>Fails if objects are unequal after converting them to real numbers.</doc>
<msg timestamp="20240423 12:14:31.898" level="INFO">Argument types are:
&lt;class 'int'&gt;
&lt;class 'str'&gt;</msg>
<status status="PASS" starttime="20240423 12:14:31.896" endtime="20240423 12:14:31.898"/>
</kw>
<kw name="Set Variable" library="BuiltIn">
<var>${responseJson}</var>
<arg>${response.json()}</arg>
<doc>Returns the given values which can then be assigned to a variables.</doc>
<msg timestamp="20240423 12:14:31.902" level="INFO">${responseJson} = [{'_id': '6627de676d5c64eac98998e0', 'communityId': {'_id': '65d35f4f1779211359d1bb2e', 'name': 'Pruebas Automatización'}, 'ticketQuantity': 1, 'cost': 10, 'voucherUrl': 'https://s3.amazonaws.com/allr...</msg>
<status status="PASS" starttime="20240423 12:14:31.900" endtime="20240423 12:14:31.903"/>
</kw>
<kw name="Should Not Be Empty" library="BuiltIn">
<arg>${responseJson}</arg>
<doc>Verifies that the given item is not empty.</doc>
<msg timestamp="20240423 12:14:31.905" level="INFO">Length is 1</msg>
<status status="PASS" starttime="20240423 12:14:31.904" endtime="20240423 12:14:31.905"/>
</kw>
<kw name="Log" library="BuiltIn">
<arg>${responseJson}</arg>
<doc>Logs the given message with the given level.</doc>
<msg timestamp="20240423 12:14:31.908" level="INFO">[{'_id': '6627de676d5c64eac98998e0', 'communityId': {'_id': '65d35f4f1779211359d1bb2e', 'name': 'Pruebas Automatización'}, 'ticketQuantity': 1, 'cost': 10, 'voucherUrl': 'https://s3.amazonaws.com/allride.uploads/privateBuses_voucher_653fd601f90509541a748683_1710787761571.pdf', 'state': 'pendingApproval', 'history': [], 'superCommunityId': '65d4ab3b8b93abd1456cf0d1', 'createdAt': '2024-04-23T16:14:31.608Z', 'updatedAt': '2024-04-23T16:14:31.608Z', '__v': 0}]</msg>
<status status="PASS" starttime="20240423 12:14:31.907" endtime="20240423 12:14:31.909"/>
</kw>
<status status="PASS" starttime="20240423 12:14:31.018" endtime="20240423 12:14:31.910"/>
</test>
<test id="s1-t6" name="Treasurer Request Approval" line="158">
<kw name="Set Variable" library="BuiltIn">
<var>${url}</var>
<arg>${TESTING_URL}/api/v1/admin/pb/ticket/request/approve/treasurer?community=${idComunidad}&amp;requestId=${ticketRequestId}&amp;userId=${idAdmin}</arg>
<doc>Returns the given values which can then be assigned to a variables.</doc>
<msg timestamp="20240423 12:14:31.915" level="INFO">${url} = https://testing.allrideapp.com/api/v1/admin/pb/ticket/request/approve/treasurer?community=65d35f4f1779211359d1bb2e&amp;requestId=6627de676d5c64eac98998e0&amp;userId=653fd89733d83952fafcd6ca</msg>
<status status="PASS" starttime="20240423 12:14:31.914" endtime="20240423 12:14:31.917"/>
</kw>
<kw name="Create Dictionary" library="BuiltIn">
<var>&amp;{headers}</var>
<arg>Authorization=${tokenAdmin}</arg>
<doc>Creates and returns a dictionary based on the given ``items``.</doc>
<msg timestamp="20240423 12:14:31.919" level="INFO">&amp;{headers} = { Authorization=Bearer 4c6ac6218d8d9fe1261f2af513dd8a136985a70a944fdeb349f56a0f57a682aacfbe5726ca15be917c064b046afc7e3e08c7bdcb35f7b66371244e9d621adc41 }</msg>
<status status="PASS" starttime="20240423 12:14:31.918" endtime="20240423 12:14:31.920"/>
</kw>
<kw name="GET" library="RequestsLibrary">
<var>${response}</var>
<arg>url=${url}</arg>
<arg>headers=${headers}</arg>
<doc>Sends a GET request.</doc>
<msg timestamp="20240423 12:14:32.814" level="INFO">GET Request : url=https://testing.allrideapp.com/api/v1/admin/pb/ticket/request/approve/treasurer?community=65d35f4f1779211359d1bb2e&amp;requestId=6627de676d5c64eac98998e0&amp;userId=653fd89733d83952fafcd6ca 
 path_url=/api/v1/admin/pb/ticket/request/approve/treasurer?community=65d35f4f1779211359d1bb2e&amp;requestId=6627de676d5c64eac98998e0&amp;userId=653fd89733d83952fafcd6ca 
 headers={'User-Agent': 'python-requests/2.31.0', 'Accept-Encoding': 'gzip, deflate', 'Accept': '*/*', 'Connection': 'keep-alive', 'Authorization': 'Bearer 4c6ac6218d8d9fe1261f2af513dd8a136985a70a944fdeb349f56a0f57a682aacfbe5726ca15be917c064b046afc7e3e08c7bdcb35f7b66371244e9d621adc41'} 
 body=None 
 </msg>
<msg timestamp="20240423 12:14:32.815" level="INFO">GET Response : url=https://testing.allrideapp.com/api/v1/admin/pb/ticket/request/approve/treasurer?community=65d35f4f1779211359d1bb2e&amp;requestId=6627de676d5c64eac98998e0&amp;userId=653fd89733d83952fafcd6ca 
 status=200, reason=OK 
 headers={'Date': 'Tue, 23 Apr 2024 16:14:33 GMT', 'Content-Type': 'application/json; charset=utf-8', 'Content-Length': '653', 'Connection': 'keep-alive', 'Server': 'nginx', 'X-DNS-Prefetch-Control': 'off', 'X-Frame-Options': 'SAMEORIGIN', 'Strict-Transport-Security': 'max-age=15552000; includeSubDomains', 'X-Download-Options': 'noopen', 'X-Content-Type-Options': 'nosniff', 'X-XSS-Protection': '1; mode=block', 'Access-Control-Allow-Origin': '*', 'X-RateLimit-Limit': '200', 'X-RateLimit-Remaining': '199', 'X-RateLimit-Reset': '1713888928', 'ETag': 'W/"28d-dmY22aMHg1TZ0LQU39l1sMGBFG0"'} 
 body={"ticketRequestRes":{"_id":"6627de676d5c64eac98998e0","communityId":"65d35f4f1779211359d1bb2e","ticketQuantity":1,"cost":10,"voucherUrl":"https://s3.amazonaws.com/allride.uploads/privateBuses_voucher_653fd601f90509541a748683_1710787761571.pdf","state":"pendingApproval","history":[{"_id":"6627de6977f04ff478fa943e","action":"approved","user":{"userId":"653fd89733d83952fafcd6ca","role":"treasurer"},"createdAt":"2024-04-23T16:14:33.435Z","updatedAt":"2024-04-23T16:14:33.435Z"}],"superCommunityId":"65d4ab3b8b93abd1456cf0d1","createdAt":"2024-04-23T16:14:31.608Z","updatedAt":"2024-04-23T16:14:33.435Z","__v":1,"treasurerId":"653fd89733d83952fafcd6ca"}} 
 </msg>
<msg timestamp="20240423 12:14:32.815" level="INFO">${response} = &lt;Response [200]&gt;</msg>
<status status="PASS" starttime="20240423 12:14:31.921" endtime="20240423 12:14:32.815"/>
</kw>
<kw name="Should Be Equal As Numbers" library="BuiltIn">
<arg>${response.status_code}</arg>
<arg>200</arg>
<doc>Fails if objects are unequal after converting them to real numbers.</doc>
<msg timestamp="20240423 12:14:32.818" level="INFO">Argument types are:
&lt;class 'int'&gt;
&lt;class 'str'&gt;</msg>
<status status="PASS" starttime="20240423 12:14:32.816" endtime="20240423 12:14:32.819"/>
</kw>
<kw name="Set Variable" library="BuiltIn">
<var>${responseJson}</var>
<arg>${response.json()}</arg>
<doc>Returns the given values which can then be assigned to a variables.</doc>
<msg timestamp="20240423 12:14:32.821" level="INFO">${responseJson} = {'ticketRequestRes': {'_id': '6627de676d5c64eac98998e0', 'communityId': '65d35f4f1779211359d1bb2e', 'ticketQuantity': 1, 'cost': 10, 'voucherUrl': 'https://s3.amazonaws.com/allride.uploads/privateBuse...</msg>
<status status="PASS" starttime="20240423 12:14:32.820" endtime="20240423 12:14:32.822"/>
</kw>
<kw name="Set Variable" library="BuiltIn">
<var>${ticketResponseId}</var>
<arg>${responseJson}[ticketRequestRes][_id]</arg>
<doc>Returns the given values which can then be assigned to a variables.</doc>
<msg timestamp="20240423 12:14:32.824" level="INFO">${ticketResponseId} = 6627de676d5c64eac98998e0</msg>
<status status="PASS" starttime="20240423 12:14:32.823" endtime="20240423 12:14:32.826"/>
</kw>
<kw name="Set Variable" library="BuiltIn">
<var>${ticketResponseQty}</var>
<arg>${responseJson}[ticketRequestRes][ticketQuantity]</arg>
<doc>Returns the given values which can then be assigned to a variables.</doc>
<msg timestamp="20240423 12:14:32.828" level="INFO">${ticketResponseQty} = 1</msg>
<status status="PASS" starttime="20240423 12:14:32.827" endtime="20240423 12:14:32.828"/>
</kw>
<kw name="Set Variable" library="BuiltIn">
<var>${ticketResponseState}</var>
<arg>${responseJson}[ticketRequestRes][state]</arg>
<doc>Returns the given values which can then be assigned to a variables.</doc>
<msg timestamp="20240423 12:14:32.829" level="INFO">${ticketResponseState} = pendingApproval</msg>
<status status="PASS" starttime="20240423 12:14:32.829" endtime="20240423 12:14:32.830"/>
</kw>
<kw name="Should Be Equal As Strings" library="BuiltIn">
<arg>${ticketResponseId}</arg>
<arg>${ticketRequestId}</arg>
<doc>Fails if objects are unequal after converting them to strings.</doc>
<status status="PASS" starttime="20240423 12:14:32.831" endtime="20240423 12:14:32.832"/>
</kw>
<kw name="Should Be Equal As Strings" library="BuiltIn">
<arg>${ticketResponseQty}</arg>
<arg>${ticketRequestQty}</arg>
<doc>Fails if objects are unequal after converting them to strings.</doc>
<status status="PASS" starttime="20240423 12:14:32.833" endtime="20240423 12:14:32.834"/>
</kw>
<kw name="Should Be Equal As Strings" library="BuiltIn">
<arg>${ticketResponseState}</arg>
<arg>pendingApproval</arg>
<doc>Fails if objects are unequal after converting them to strings.</doc>
<status status="PASS" starttime="20240423 12:14:32.835" endtime="20240423 12:14:32.836"/>
</kw>
<kw name="Log" library="BuiltIn">
<arg>${responseJson}</arg>
<doc>Logs the given message with the given level.</doc>
<msg timestamp="20240423 12:14:32.838" level="INFO">{'ticketRequestRes': {'_id': '6627de676d5c64eac98998e0', 'communityId': '65d35f4f1779211359d1bb2e', 'ticketQuantity': 1, 'cost': 10, 'voucherUrl': 'https://s3.amazonaws.com/allride.uploads/privateBuses_voucher_653fd601f90509541a748683_1710787761571.pdf', 'state': 'pendingApproval', 'history': [{'_id': '6627de6977f04ff478fa943e', 'action': 'approved', 'user': {'userId': '653fd89733d83952fafcd6ca', 'role': 'treasurer'}, 'createdAt': '2024-04-23T16:14:33.435Z', 'updatedAt': '2024-04-23T16:14:33.435Z'}], 'superCommunityId': '65d4ab3b8b93abd1456cf0d1', 'createdAt': '2024-04-23T16:14:31.608Z', 'updatedAt': '2024-04-23T16:14:33.435Z', '__v': 1, 'treasurerId': '653fd89733d83952fafcd6ca'}}</msg>
<status status="PASS" starttime="20240423 12:14:32.837" endtime="20240423 12:14:32.838"/>
</kw>
<status status="PASS" starttime="20240423 12:14:31.913" endtime="20240423 12:14:32.839"/>
</test>
<test id="s1-t7" name="Seller Request Approval" line="182">
<kw name="Set Variable" library="BuiltIn">
<var>${url}</var>
<arg>${TESTING_URL}/api/v1/admin/pb/ticket/request/approve/seller?community=${idComunidad}&amp;requestId=${ticketRequestId}&amp;userId=${idAdmin}</arg>
<doc>Returns the given values which can then be assigned to a variables.</doc>
<msg timestamp="20240423 12:14:32.843" level="INFO">${url} = https://testing.allrideapp.com/api/v1/admin/pb/ticket/request/approve/seller?community=65d35f4f1779211359d1bb2e&amp;requestId=6627de676d5c64eac98998e0&amp;userId=653fd89733d83952fafcd6ca</msg>
<status status="PASS" starttime="20240423 12:14:32.842" endtime="20240423 12:14:32.843"/>
</kw>
<kw name="Create Dictionary" library="BuiltIn">
<var>&amp;{headers}</var>
<arg>Authorization=${tokenAdmin}</arg>
<doc>Creates and returns a dictionary based on the given ``items``.</doc>
<msg timestamp="20240423 12:14:32.845" level="INFO">&amp;{headers} = { Authorization=Bearer 4c6ac6218d8d9fe1261f2af513dd8a136985a70a944fdeb349f56a0f57a682aacfbe5726ca15be917c064b046afc7e3e08c7bdcb35f7b66371244e9d621adc41 }</msg>
<status status="PASS" starttime="20240423 12:14:32.844" endtime="20240423 12:14:32.845"/>
</kw>
<kw name="GET" library="RequestsLibrary">
<var>${response}</var>
<arg>url=${url}</arg>
<arg>headers=${headers}</arg>
<doc>Sends a GET request.</doc>
<msg timestamp="20240423 12:14:35.114" level="INFO">GET Request : url=https://testing.allrideapp.com/api/v1/admin/pb/ticket/request/approve/seller?community=65d35f4f1779211359d1bb2e&amp;requestId=6627de676d5c64eac98998e0&amp;userId=653fd89733d83952fafcd6ca 
 path_url=/api/v1/admin/pb/ticket/request/approve/seller?community=65d35f4f1779211359d1bb2e&amp;requestId=6627de676d5c64eac98998e0&amp;userId=653fd89733d83952fafcd6ca 
 headers={'User-Agent': 'python-requests/2.31.0', 'Accept-Encoding': 'gzip, deflate', 'Accept': '*/*', 'Connection': 'keep-alive', 'Authorization': 'Bearer 4c6ac6218d8d9fe1261f2af513dd8a136985a70a944fdeb349f56a0f57a682aacfbe5726ca15be917c064b046afc7e3e08c7bdcb35f7b66371244e9d621adc41'} 
 body=None 
 </msg>
<msg timestamp="20240423 12:14:35.115" level="INFO">GET Response : url=https://testing.allrideapp.com/api/v1/admin/pb/ticket/request/approve/seller?community=65d35f4f1779211359d1bb2e&amp;requestId=6627de676d5c64eac98998e0&amp;userId=653fd89733d83952fafcd6ca 
 status=200, reason=OK 
 headers={'Date': 'Tue, 23 Apr 2024 16:14:35 GMT', 'Content-Type': 'application/json; charset=utf-8', 'Content-Length': '924', 'Connection': 'keep-alive', 'Server': 'nginx', 'X-DNS-Prefetch-Control': 'off', 'X-Frame-Options': 'SAMEORIGIN', 'Strict-Transport-Security': 'max-age=15552000; includeSubDomains', 'X-Download-Options': 'noopen', 'X-Content-Type-Options': 'nosniff', 'X-XSS-Protection': '1; mode=block', 'Access-Control-Allow-Origin': '*', 'X-RateLimit-Limit': '200', 'X-RateLimit-Remaining': '199', 'X-RateLimit-Reset': '1713888924', 'ETag': 'W/"39c-AugobOhcv09+UGjzFjewwqqajGk"'} 
 body={"ticketRequestRes":{"_id":"6627de676d5c64eac98998e0","communityId":"65d35f4f1779211359d1bb2e","ticketQuantity":1,"cost":10,"voucherUrl":"https://s3.amazonaws.com/allride.uploads/privateBuses_voucher_653fd601f90509541a748683_1710787761571.pdf","state":"approved","history":[{"user":{"userId":"653fd89733d83952fafcd6ca","role":"treasurer"},"_id":"6627de6977f04ff478fa943e","action":"approved","createdAt":"2024-04-23T16:14:33.435Z","updatedAt":"2024-04-23T16:14:33.435Z"},{"_id":"6627de6a6d5c64eac98998ef","action":"approved","user":{"userId":"653fd89733d83952fafcd6ca","role":"seller"},"createdAt":"2024-04-23T16:14:35.745Z","updatedAt":"2024-04-23T16:14:35.745Z"}],"superCommunityId":"65d4ab3b8b93abd1456cf0d1","createdAt":"2024-04-23T16:14:31.608Z","updatedAt":"2024-04-23T16:14:35.745Z","__v":2,"treasurerId":"653fd89733d83952fafcd6ca","sellerId":"653fd89733d83952fafcd6ca","assignedQuantity":1},"sellerBulkTicketsRes":1} 
 </msg>
<msg timestamp="20240423 12:14:35.115" level="INFO">${response} = &lt;Response [200]&gt;</msg>
<status status="PASS" starttime="20240423 12:14:32.847" endtime="20240423 12:14:35.115"/>
</kw>
<kw name="Should Be Equal As Numbers" library="BuiltIn">
<arg>${response.status_code}</arg>
<arg>200</arg>
<doc>Fails if objects are unequal after converting them to real numbers.</doc>
<msg timestamp="20240423 12:14:35.117" level="INFO">Argument types are:
&lt;class 'int'&gt;
&lt;class 'str'&gt;</msg>
<status status="PASS" starttime="20240423 12:14:35.116" endtime="20240423 12:14:35.118"/>
</kw>
<kw name="Set Variable" library="BuiltIn">
<var>${responseJson}</var>
<arg>${response.json()}</arg>
<doc>Returns the given values which can then be assigned to a variables.</doc>
<msg timestamp="20240423 12:14:35.121" level="INFO">${responseJson} = {'ticketRequestRes': {'_id': '6627de676d5c64eac98998e0', 'communityId': '65d35f4f1779211359d1bb2e', 'ticketQuantity': 1, 'cost': 10, 'voucherUrl': 'https://s3.amazonaws.com/allride.uploads/privateBuse...</msg>
<status status="PASS" starttime="20240423 12:14:35.119" endtime="20240423 12:14:35.121"/>
</kw>
<kw name="Set Variable" library="BuiltIn">
<var>${ticketResponseId}</var>
<arg>${responseJson}[ticketRequestRes][_id]</arg>
<doc>Returns the given values which can then be assigned to a variables.</doc>
<msg timestamp="20240423 12:14:35.124" level="INFO">${ticketResponseId} = 6627de676d5c64eac98998e0</msg>
<status status="PASS" starttime="20240423 12:14:35.122" endtime="20240423 12:14:35.124"/>
</kw>
<kw name="Set Variable" library="BuiltIn">
<var>${ticketResponseQty}</var>
<arg>${responseJson}[ticketRequestRes][ticketQuantity]</arg>
<doc>Returns the given values which can then be assigned to a variables.</doc>
<msg timestamp="20240423 12:14:35.127" level="INFO">${ticketResponseQty} = 1</msg>
<status status="PASS" starttime="20240423 12:14:35.125" endtime="20240423 12:14:35.127"/>
</kw>
<kw name="Set Variable" library="BuiltIn">
<var>${ticketResponseState}</var>
<arg>${responseJson}[ticketRequestRes][state]</arg>
<doc>Returns the given values which can then be assigned to a variables.</doc>
<msg timestamp="20240423 12:14:35.129" level="INFO">${ticketResponseState} = approved</msg>
<status status="PASS" starttime="20240423 12:14:35.128" endtime="20240423 12:14:35.130"/>
</kw>
<kw name="Set Variable" library="BuiltIn">
<var>${ticketAssignedQuantity}</var>
<arg>${responseJson}[ticketRequestRes][assignedQuantity]</arg>
<doc>Returns the given values which can then be assigned to a variables.</doc>
<msg timestamp="20240423 12:14:35.132" level="INFO">${ticketAssignedQuantity} = 1</msg>
<status status="PASS" starttime="20240423 12:14:35.131" endtime="20240423 12:14:35.132"/>
</kw>
<kw name="Should Be Equal As Strings" library="BuiltIn">
<arg>${ticketResponseId}</arg>
<arg>${ticketRequestId}</arg>
<doc>Fails if objects are unequal after converting them to strings.</doc>
<status status="PASS" starttime="20240423 12:14:35.133" endtime="20240423 12:14:35.134"/>
</kw>
<kw name="Should Be Equal As Strings" library="BuiltIn">
<arg>${ticketResponseQty}</arg>
<arg>${ticketRequestQty}</arg>
<doc>Fails if objects are unequal after converting them to strings.</doc>
<status status="PASS" starttime="20240423 12:14:35.136" endtime="20240423 12:14:35.137"/>
</kw>
<kw name="Should Be Equal As Strings" library="BuiltIn">
<arg>${ticketResponseState}</arg>
<arg>approved</arg>
<doc>Fails if objects are unequal after converting them to strings.</doc>
<status status="PASS" starttime="20240423 12:14:35.137" endtime="20240423 12:14:35.139"/>
</kw>
<kw name="Should Be Equal As Strings" library="BuiltIn">
<arg>${ticketAssignedQuantity}</arg>
<arg>${ticketRequestQty}</arg>
<doc>Fails if objects are unequal after converting them to strings.</doc>
<status status="PASS" starttime="20240423 12:14:35.140" endtime="20240423 12:14:35.141"/>
</kw>
<kw name="Log" library="BuiltIn">
<arg>${responseJson}</arg>
<doc>Logs the given message with the given level.</doc>
<msg timestamp="20240423 12:14:35.143" level="INFO">{'ticketRequestRes': {'_id': '6627de676d5c64eac98998e0', 'communityId': '65d35f4f1779211359d1bb2e', 'ticketQuantity': 1, 'cost': 10, 'voucherUrl': 'https://s3.amazonaws.com/allride.uploads/privateBuses_voucher_653fd601f90509541a748683_1710787761571.pdf', 'state': 'approved', 'history': [{'user': {'userId': '653fd89733d83952fafcd6ca', 'role': 'treasurer'}, '_id': '6627de6977f04ff478fa943e', 'action': 'approved', 'createdAt': '2024-04-23T16:14:33.435Z', 'updatedAt': '2024-04-23T16:14:33.435Z'}, {'_id': '6627de6a6d5c64eac98998ef', 'action': 'approved', 'user': {'userId': '653fd89733d83952fafcd6ca', 'role': 'seller'}, 'createdAt': '2024-04-23T16:14:35.745Z', 'updatedAt': '2024-04-23T16:14:35.745Z'}], 'superCommunityId': '65d4ab3b8b93abd1456cf0d1', 'createdAt': '2024-04-23T16:14:31.608Z', 'updatedAt': '2024-04-23T16:14:35.745Z', '__v': 2, 'treasurerId': '653fd89733d83952fafcd6ca', 'sellerId': '653fd89733d83952fafcd6ca', 'assignedQuantity': 1}, 'sellerBulkTicketsRes': 1}</msg>
<status status="PASS" starttime="20240423 12:14:35.142" endtime="20240423 12:14:35.144"/>
</kw>
<status status="PASS" starttime="20240423 12:14:32.841" endtime="20240423 12:14:35.145"/>
</test>
<test id="s1-t8" name="Get Total Tickets(After Request)" line="208">
<kw name="Set Variable" library="BuiltIn">
<var>${url}</var>
<arg>${TESTING_URL}/api/v1/admin/pb/ticket/list?community=${idComunidad}</arg>
<doc>Returns the given values which can then be assigned to a variables.</doc>
<msg timestamp="20240423 12:14:35.150" level="INFO">${url} = https://testing.allrideapp.com/api/v1/admin/pb/ticket/list?community=65d35f4f1779211359d1bb2e</msg>
<status status="PASS" starttime="20240423 12:14:35.149" endtime="20240423 12:14:35.151"/>
</kw>
<kw name="Create Dictionary" library="BuiltIn">
<var>&amp;{headers}</var>
<arg>Authorization=${tokenAdmin}</arg>
<doc>Creates and returns a dictionary based on the given ``items``.</doc>
<msg timestamp="20240423 12:14:35.153" level="INFO">&amp;{headers} = { Authorization=Bearer 4c6ac6218d8d9fe1261f2af513dd8a136985a70a944fdeb349f56a0f57a682aacfbe5726ca15be917c064b046afc7e3e08c7bdcb35f7b66371244e9d621adc41 }</msg>
<status status="PASS" starttime="20240423 12:14:35.152" endtime="20240423 12:14:35.153"/>
</kw>
<kw name="Get Current Date" library="DateTime">
<var>${start_time}</var>
<arg>result_format=%H:%M:%S.%f</arg>
<doc>Returns current local or UTC time with an optional increment.</doc>
<msg timestamp="20240423 12:14:35.154" level="INFO">${start_time} = 12:14:35.154037</msg>
<status status="PASS" starttime="20240423 12:14:35.154" endtime="20240423 12:14:35.154"/>
</kw>
<kw name="GET" library="RequestsLibrary">
<var>${response}</var>
<arg>url=${url}</arg>
<arg>headers=${headers}</arg>
<doc>Sends a GET request.</doc>
<msg timestamp="20240423 12:14:35.989" level="INFO">GET Request : url=https://testing.allrideapp.com/api/v1/admin/pb/ticket/list?community=65d35f4f1779211359d1bb2e 
 path_url=/api/v1/admin/pb/ticket/list?community=65d35f4f1779211359d1bb2e 
 headers={'User-Agent': 'python-requests/2.31.0', 'Accept-Encoding': 'gzip, deflate', 'Accept': '*/*', 'Connection': 'keep-alive', 'Authorization': 'Bearer 4c6ac6218d8d9fe1261f2af513dd8a136985a70a944fdeb349f56a0f57a682aacfbe5726ca15be917c064b046afc7e3e08c7bdcb35f7b66371244e9d621adc41'} 
 body=None 
 </msg>
<msg timestamp="20240423 12:14:35.990" level="INFO">GET Response : url=https://testing.allrideapp.com/api/v1/admin/pb/ticket/list?community=65d35f4f1779211359d1bb2e 
 status=200, reason=OK 
 headers={'Date': 'Tue, 23 Apr 2024 16:14:36 GMT', 'Content-Type': 'application/json; charset=utf-8', 'Content-Length': '2', 'Connection': 'keep-alive', 'Server': 'nginx', 'X-DNS-Prefetch-Control': 'off', 'X-Frame-Options': 'SAMEORIGIN', 'Strict-Transport-Security': 'max-age=15552000; includeSubDomains', 'X-Download-Options': 'noopen', 'X-Content-Type-Options': 'nosniff', 'X-XSS-Protection': '1; mode=block', 'Access-Control-Allow-Origin': '*', 'X-RateLimit-Limit': '200', 'X-RateLimit-Remaining': '199', 'X-RateLimit-Reset': '1713888928', 'ETag': 'W/"2-RysHufzywkUeh4HpRL9fd82EV8g"'} 
 body=21 
 </msg>
<msg timestamp="20240423 12:14:35.991" level="INFO">${response} = &lt;Response [200]&gt;</msg>
<status status="PASS" starttime="20240423 12:14:35.155" endtime="20240423 12:14:35.992"/>
</kw>
<kw name="Should Be Equal As Numbers" library="BuiltIn">
<arg>${response.status_code}</arg>
<arg>200</arg>
<doc>Fails if objects are unequal after converting them to real numbers.</doc>
<msg timestamp="20240423 12:14:35.994" level="INFO">Argument types are:
&lt;class 'int'&gt;
&lt;class 'str'&gt;</msg>
<status status="PASS" starttime="20240423 12:14:35.992" endtime="20240423 12:14:35.994"/>
</kw>
<kw name="Get Current Date" library="DateTime">
<var>${end_time}</var>
<arg>result_format=%H:%M:%S.%f</arg>
<doc>Returns current local or UTC time with an optional increment.</doc>
<msg timestamp="20240423 12:14:35.996" level="INFO">${end_time} = 12:14:35.994602</msg>
<status status="PASS" starttime="20240423 12:14:35.995" endtime="20240423 12:14:35.996"/>
</kw>
<kw name="Subtract Time From Time" library="DateTime">
<var>${elapsed}</var>
<arg>${end_time}</arg>
<arg>${start_time}</arg>
<doc>Subtracts time from another time and returns the resulting time.</doc>
<msg timestamp="20240423 12:14:35.998" level="INFO">${elapsed} = 0.8405649999986053</msg>
<status status="PASS" starttime="20240423 12:14:35.997" endtime="20240423 12:14:35.998"/>
</kw>
<kw name="Log" library="BuiltIn">
<arg>Elapsed time: ${elapsed}</arg>
<doc>Logs the given message with the given level.</doc>
<msg timestamp="20240423 12:14:36.000" level="INFO">Elapsed time: 0.8405649999986053</msg>
<status status="PASS" starttime="20240423 12:14:35.999" endtime="20240423 12:14:36.000"/>
</kw>
<kw name="Set Variable" library="BuiltIn">
<var>${totalTicketsAfterRequest}</var>
<arg>${response.json()}</arg>
<doc>Returns the given values which can then be assigned to a variables.</doc>
<msg timestamp="20240423 12:14:36.002" level="INFO">${totalTicketsAfterRequest} = 21</msg>
<status status="PASS" starttime="20240423 12:14:36.000" endtime="20240423 12:14:36.003"/>
</kw>
<kw name="Convert To Integer" library="BuiltIn">
<arg>${totalTickets}</arg>
<doc>Converts the given item to an integer number.</doc>
<status status="PASS" starttime="20240423 12:14:36.004" endtime="20240423 12:14:36.005"/>
</kw>
<kw name="Convert To Integer" library="BuiltIn">
<arg>${ticketRequestQty}</arg>
<doc>Converts the given item to an integer number.</doc>
<status status="PASS" starttime="20240423 12:14:36.006" endtime="20240423 12:14:36.007"/>
</kw>
<kw name="Evaluate" library="BuiltIn">
<var>${ticketsPlus}</var>
<arg>${totalTickets}+${ticketRequestQty}</arg>
<doc>Evaluates the given expression in Python and returns the result.</doc>
<msg timestamp="20240423 12:14:36.009" level="INFO">${ticketsPlus} = 21</msg>
<status status="PASS" starttime="20240423 12:14:36.008" endtime="20240423 12:14:36.009"/>
</kw>
<kw name="Should Be True" library="BuiltIn">
<arg>${totalTicketsAfterRequest}==${ticketsPlus}</arg>
<doc>Fails if the given condition is not true.</doc>
<status status="PASS" starttime="20240423 12:14:36.010" endtime="20240423 12:14:36.011"/>
</kw>
<kw name="Log" library="BuiltIn">
<arg>La cantidad total de tickets es ${totalTicketsAfterRequest}</arg>
<doc>Logs the given message with the given level.</doc>
<msg timestamp="20240423 12:14:36.012" level="INFO">La cantidad total de tickets es 21</msg>
<status status="PASS" starttime="20240423 12:14:36.012" endtime="20240423 12:14:36.013"/>
</kw>
<kw name="Set Global Variable" library="BuiltIn">
<arg>${totalTicketsAfterRequest}</arg>
<doc>Makes a variable available globally in all tests and suites.</doc>
<msg timestamp="20240423 12:14:36.014" level="INFO">${totalTicketsAfterRequest} = 21</msg>
<status status="PASS" starttime="20240423 12:14:36.014" endtime="20240423 12:14:36.014"/>
</kw>
<status status="PASS" starttime="20240423 12:14:35.148" endtime="20240423 12:14:36.015"/>
</test>
<test id="s1-t9" name="Assing Tickets(Nico)" line="239">
<kw name="Create Session" library="RequestsLibrary">
<arg>mysesion</arg>
<arg>${TESTING_URL}</arg>
<arg>verify=true</arg>
<doc>Create Session: create a HTTP session to a server</doc>
<msg timestamp="20240423 12:14:36.019" level="INFO">Creating Session using : alias=mysesion, url=https://testing.allrideapp.com, headers={},                     cookies={}, auth=None, timeout=None, proxies=None, verify=True,                     debug=0 </msg>
<status status="PASS" starttime="20240423 12:14:36.018" endtime="20240423 12:14:36.020"/>
</kw>
<kw name="Create Dictionary" library="BuiltIn">
<var>${headers}</var>
<arg>Authorization=${tokenAdmin}</arg>
<arg>Content-Type=application/json; charset=utf-8</arg>
<doc>Creates and returns a dictionary based on the given ``items``.</doc>
<msg timestamp="20240423 12:14:36.022" level="INFO">${headers} = {'Authorization': 'Bearer 4c6ac6218d8d9fe1261f2af513dd8a136985a70a944fdeb349f56a0f57a682aacfbe5726ca15be917c064b046afc7e3e08c7bdcb35f7b66371244e9d621adc41', 'Content-Type': 'application/json; charset=...</msg>
<status status="PASS" starttime="20240423 12:14:36.021" endtime="20240423 12:14:36.023"/>
</kw>
<kw name="POST On Session" library="RequestsLibrary">
<var>${response}</var>
<arg>mysesion</arg>
<arg>url=/api/v1/admin/pb/ticket/assign?community=${idComunidad}&amp;userId=${idNico}&amp;adminId=${idAdmin}&amp;adminLevel=2&amp;ticketsQuantityToAssign=${assignQty}</arg>
<arg>data={}</arg>
<arg>headers=${headers}</arg>
<doc>Sends a POST request on a previously created HTTP Session.</doc>
<msg timestamp="20240423 12:14:36.841" level="INFO">POST Request : url=https://testing.allrideapp.com/api/v1/admin/pb/ticket/assign?community=65d35f4f1779211359d1bb2e&amp;userId=65d512163032ab0a68de1618&amp;adminId=653fd89733d83952fafcd6ca&amp;adminLevel=2&amp;ticketsQuantityToAssign=2 
 path_url=/api/v1/admin/pb/ticket/assign?community=65d35f4f1779211359d1bb2e&amp;userId=65d512163032ab0a68de1618&amp;adminId=653fd89733d83952fafcd6ca&amp;adminLevel=2&amp;ticketsQuantityToAssign=2 
 headers={'User-Agent': 'python-requests/2.31.0', 'Accept-Encoding': 'gzip, deflate', 'Accept': '*/*', 'Connection': 'keep-alive', 'Authorization': 'Bearer 4c6ac6218d8d9fe1261f2af513dd8a136985a70a944fdeb349f56a0f57a682aacfbe5726ca15be917c064b046afc7e3e08c7bdcb35f7b66371244e9d621adc41', 'Content-Type': 'application/json; charset=utf-8', 'Content-Length': '2'} 
 body={} 
 </msg>
<msg timestamp="20240423 12:14:36.841" level="INFO">POST Response : url=https://testing.allrideapp.com/api/v1/admin/pb/ticket/assign?community=65d35f4f1779211359d1bb2e&amp;userId=65d512163032ab0a68de1618&amp;adminId=653fd89733d83952fafcd6ca&amp;adminLevel=2&amp;ticketsQuantityToAssign=2 
 status=200, reason=OK 
 headers={'Date': 'Tue, 23 Apr 2024 16:14:37 GMT', 'Content-Type': 'application/json; charset=utf-8', 'Content-Length': '1', 'Connection': 'keep-alive', 'Server': 'nginx', 'X-DNS-Prefetch-Control': 'off', 'X-Frame-Options': 'SAMEORIGIN', 'Strict-Transport-Security': 'max-age=15552000; includeSubDomains', 'X-Download-Options': 'noopen', 'X-Content-Type-Options': 'nosniff', 'X-XSS-Protection': '1; mode=block', 'Access-Control-Allow-Origin': '*', 'X-RateLimit-Limit': '200', 'X-RateLimit-Remaining': '199', 'X-RateLimit-Reset': '1713888928', 'ETag': 'W/"1-2kuSN7rMzfGcB2DKt67EqDWQELA"'} 
 body=2 
 </msg>
<msg timestamp="20240423 12:14:36.841" level="INFO">${response} = &lt;Response [200]&gt;</msg>
<status status="PASS" starttime="20240423 12:14:36.024" endtime="20240423 12:14:36.842"/>
</kw>
<kw name="Should Be True" library="BuiltIn">
<arg>${totalTicketsAfterRequest} &gt;=${assignQty}</arg>
<doc>Fails if the given condition is not true.</doc>
<status status="PASS" starttime="20240423 12:14:36.843" endtime="20240423 12:14:36.844"/>
</kw>
<status status="PASS" starttime="20240423 12:14:36.017" endtime="20240423 12:14:36.845"/>
</test>
<test id="s1-t10" name="Assing Tickets(Kratos)" line="257">
<kw name="Create Session" library="RequestsLibrary">
<arg>mysesion</arg>
<arg>${TESTING_URL}</arg>
<arg>verify=true</arg>
<doc>Create Session: create a HTTP session to a server</doc>
<msg timestamp="20240423 12:14:36.849" level="INFO">Creating Session using : alias=mysesion, url=https://testing.allrideapp.com, headers={},                     cookies={}, auth=None, timeout=None, proxies=None, verify=True,                     debug=0 </msg>
<status status="PASS" starttime="20240423 12:14:36.848" endtime="20240423 12:14:36.850"/>
</kw>
<kw name="Create Dictionary" library="BuiltIn">
<var>${headers}</var>
<arg>Authorization=${tokenAdmin}</arg>
<arg>Content-Type=application/json; charset=utf-8</arg>
<doc>Creates and returns a dictionary based on the given ``items``.</doc>
<msg timestamp="20240423 12:14:36.852" level="INFO">${headers} = {'Authorization': 'Bearer 4c6ac6218d8d9fe1261f2af513dd8a136985a70a944fdeb349f56a0f57a682aacfbe5726ca15be917c064b046afc7e3e08c7bdcb35f7b66371244e9d621adc41', 'Content-Type': 'application/json; charset=...</msg>
<status status="PASS" starttime="20240423 12:14:36.851" endtime="20240423 12:14:36.853"/>
</kw>
<kw name="POST On Session" library="RequestsLibrary">
<var>${response}</var>
<arg>mysesion</arg>
<arg>url=/api/v1/admin/pb/ticket/assign?community=${idComunidad}&amp;userId=${idKratos}&amp;adminId=${idAdmin}&amp;adminLevel=2&amp;ticketsQuantityToAssign=${assignQty}</arg>
<arg>data={}</arg>
<arg>headers=${headers}</arg>
<doc>Sends a POST request on a previously created HTTP Session.</doc>
<msg timestamp="20240423 12:14:37.722" level="INFO">POST Request : url=https://testing.allrideapp.com/api/v1/admin/pb/ticket/assign?community=65d35f4f1779211359d1bb2e&amp;userId=65d39975012812368f0eb88b&amp;adminId=653fd89733d83952fafcd6ca&amp;adminLevel=2&amp;ticketsQuantityToAssign=2 
 path_url=/api/v1/admin/pb/ticket/assign?community=65d35f4f1779211359d1bb2e&amp;userId=65d39975012812368f0eb88b&amp;adminId=653fd89733d83952fafcd6ca&amp;adminLevel=2&amp;ticketsQuantityToAssign=2 
 headers={'User-Agent': 'python-requests/2.31.0', 'Accept-Encoding': 'gzip, deflate', 'Accept': '*/*', 'Connection': 'keep-alive', 'Authorization': 'Bearer 4c6ac6218d8d9fe1261f2af513dd8a136985a70a944fdeb349f56a0f57a682aacfbe5726ca15be917c064b046afc7e3e08c7bdcb35f7b66371244e9d621adc41', 'Content-Type': 'application/json; charset=utf-8', 'Content-Length': '2'} 
 body={} 
 </msg>
<msg timestamp="20240423 12:14:37.722" level="INFO">POST Response : url=https://testing.allrideapp.com/api/v1/admin/pb/ticket/assign?community=65d35f4f1779211359d1bb2e&amp;userId=65d39975012812368f0eb88b&amp;adminId=653fd89733d83952fafcd6ca&amp;adminLevel=2&amp;ticketsQuantityToAssign=2 
 status=200, reason=OK 
 headers={'Date': 'Tue, 23 Apr 2024 16:14:38 GMT', 'Content-Type': 'application/json; charset=utf-8', 'Content-Length': '1', 'Connection': 'keep-alive', 'Server': 'nginx', 'X-DNS-Prefetch-Control': 'off', 'X-Frame-Options': 'SAMEORIGIN', 'Strict-Transport-Security': 'max-age=15552000; includeSubDomains', 'X-Download-Options': 'noopen', 'X-Content-Type-Options': 'nosniff', 'X-XSS-Protection': '1; mode=block', 'Access-Control-Allow-Origin': '*', 'X-RateLimit-Limit': '200', 'X-RateLimit-Remaining': '199', 'X-RateLimit-Reset': '1713888924', 'ETag': 'W/"1-2kuSN7rMzfGcB2DKt67EqDWQELA"'} 
 body=2 
 </msg>
<msg timestamp="20240423 12:14:37.722" level="INFO">${response} = &lt;Response [200]&gt;</msg>
<status status="PASS" starttime="20240423 12:14:36.853" endtime="20240423 12:14:37.722"/>
</kw>
<kw name="Should Be True" library="BuiltIn">
<arg>${totalTicketsAfterRequest} &gt;=${assignQty}</arg>
<doc>Fails if the given condition is not true.</doc>
<status status="PASS" starttime="20240423 12:14:37.724" endtime="20240423 12:14:37.725"/>
</kw>
<status status="PASS" starttime="20240423 12:14:36.847" endtime="20240423 12:14:37.727"/>
</test>
<test id="s1-t11" name="Assing Tickets(Pedro)" line="275">
<kw name="Create Session" library="RequestsLibrary">
<arg>mysesion</arg>
<arg>${TESTING_URL}</arg>
<arg>verify=true</arg>
<doc>Create Session: create a HTTP session to a server</doc>
<msg timestamp="20240423 12:14:37.730" level="INFO">Creating Session using : alias=mysesion, url=https://testing.allrideapp.com, headers={},                     cookies={}, auth=None, timeout=None, proxies=None, verify=True,                     debug=0 </msg>
<status status="PASS" starttime="20240423 12:14:37.730" endtime="20240423 12:14:37.731"/>
</kw>
<kw name="Create Dictionary" library="BuiltIn">
<var>${headers}</var>
<arg>Authorization=${tokenAdmin}</arg>
<arg>Content-Type=application/json; charset=utf-8</arg>
<doc>Creates and returns a dictionary based on the given ``items``.</doc>
<msg timestamp="20240423 12:14:37.734" level="INFO">${headers} = {'Authorization': 'Bearer 4c6ac6218d8d9fe1261f2af513dd8a136985a70a944fdeb349f56a0f57a682aacfbe5726ca15be917c064b046afc7e3e08c7bdcb35f7b66371244e9d621adc41', 'Content-Type': 'application/json; charset=...</msg>
<status status="PASS" starttime="20240423 12:14:37.732" endtime="20240423 12:14:37.734"/>
</kw>
<kw name="POST On Session" library="RequestsLibrary">
<var>${response}</var>
<arg>mysesion</arg>
<arg>url=/api/v1/admin/pb/ticket/assign?community=${idComunidad}&amp;userId=${idPedro}&amp;adminId=${idAdmin}&amp;adminLevel=2&amp;ticketsQuantityToAssign=${assignQty}</arg>
<arg>data={}</arg>
<arg>headers=${headers}</arg>
<doc>Sends a POST request on a previously created HTTP Session.</doc>
<msg timestamp="20240423 12:14:38.589" level="INFO">POST Request : url=https://testing.allrideapp.com/api/v1/admin/pb/ticket/assign?community=65d35f4f1779211359d1bb2e&amp;userId=65d3991c012812368f0eb84e&amp;adminId=653fd89733d83952fafcd6ca&amp;adminLevel=2&amp;ticketsQuantityToAssign=2 
 path_url=/api/v1/admin/pb/ticket/assign?community=65d35f4f1779211359d1bb2e&amp;userId=65d3991c012812368f0eb84e&amp;adminId=653fd89733d83952fafcd6ca&amp;adminLevel=2&amp;ticketsQuantityToAssign=2 
 headers={'User-Agent': 'python-requests/2.31.0', 'Accept-Encoding': 'gzip, deflate', 'Accept': '*/*', 'Connection': 'keep-alive', 'Authorization': 'Bearer 4c6ac6218d8d9fe1261f2af513dd8a136985a70a944fdeb349f56a0f57a682aacfbe5726ca15be917c064b046afc7e3e08c7bdcb35f7b66371244e9d621adc41', 'Content-Type': 'application/json; charset=utf-8', 'Content-Length': '2'} 
 body={} 
 </msg>
<msg timestamp="20240423 12:14:38.589" level="INFO">POST Response : url=https://testing.allrideapp.com/api/v1/admin/pb/ticket/assign?community=65d35f4f1779211359d1bb2e&amp;userId=65d3991c012812368f0eb84e&amp;adminId=653fd89733d83952fafcd6ca&amp;adminLevel=2&amp;ticketsQuantityToAssign=2 
 status=200, reason=OK 
 headers={'Date': 'Tue, 23 Apr 2024 16:14:39 GMT', 'Content-Type': 'application/json; charset=utf-8', 'Content-Length': '1', 'Connection': 'keep-alive', 'Server': 'nginx', 'X-DNS-Prefetch-Control': 'off', 'X-Frame-Options': 'SAMEORIGIN', 'Strict-Transport-Security': 'max-age=15552000; includeSubDomains', 'X-Download-Options': 'noopen', 'X-Content-Type-Options': 'nosniff', 'X-XSS-Protection': '1; mode=block', 'Access-Control-Allow-Origin': '*', 'X-RateLimit-Limit': '200', 'X-RateLimit-Remaining': '199', 'X-RateLimit-Reset': '1713888924', 'ETag': 'W/"1-2kuSN7rMzfGcB2DKt67EqDWQELA"'} 
 body=2 
 </msg>
<msg timestamp="20240423 12:14:38.590" level="INFO">${response} = &lt;Response [200]&gt;</msg>
<status status="PASS" starttime="20240423 12:14:37.735" endtime="20240423 12:14:38.590"/>
</kw>
<kw name="Should Be True" library="BuiltIn">
<arg>${totalTicketsAfterRequest} &gt;=${assignQty}</arg>
<doc>Fails if the given condition is not true.</doc>
<status status="PASS" starttime="20240423 12:14:38.591" endtime="20240423 12:14:38.592"/>
</kw>
<status status="PASS" starttime="20240423 12:14:37.728" endtime="20240423 12:14:38.592"/>
</test>
<test id="s1-t12" name="Get Assigned Tickets (Nico)" line="292">
<kw name="Set Variable" library="BuiltIn">
<var>${url}</var>
<arg>${TESTING_URL}/api/v1/admin/pb/ticket/assigned/list?community=${idComunidad}</arg>
<doc>Returns the given values which can then be assigned to a variables.</doc>
<msg timestamp="20240423 12:14:38.597" level="INFO">${url} = https://testing.allrideapp.com/api/v1/admin/pb/ticket/assigned/list?community=65d35f4f1779211359d1bb2e</msg>
<status status="PASS" starttime="20240423 12:14:38.596" endtime="20240423 12:14:38.597"/>
</kw>
<kw name="Create Dictionary" library="BuiltIn">
<var>${headers}</var>
<arg>Authorization=${tokenAdmin}</arg>
<doc>Creates and returns a dictionary based on the given ``items``.</doc>
<msg timestamp="20240423 12:14:38.599" level="INFO">${headers} = {'Authorization': 'Bearer 4c6ac6218d8d9fe1261f2af513dd8a136985a70a944fdeb349f56a0f57a682aacfbe5726ca15be917c064b046afc7e3e08c7bdcb35f7b66371244e9d621adc41'}</msg>
<status status="PASS" starttime="20240423 12:14:38.598" endtime="20240423 12:14:38.599"/>
</kw>
<kw name="GET" library="RequestsLibrary">
<var>${response}</var>
<arg>url=${url}</arg>
<arg>headers=${headers}</arg>
<doc>Sends a GET request.</doc>
<msg timestamp="20240423 12:14:39.469" level="INFO">GET Request : url=https://testing.allrideapp.com/api/v1/admin/pb/ticket/assigned/list?community=65d35f4f1779211359d1bb2e 
 path_url=/api/v1/admin/pb/ticket/assigned/list?community=65d35f4f1779211359d1bb2e 
 headers={'User-Agent': 'python-requests/2.31.0', 'Accept-Encoding': 'gzip, deflate', 'Accept': '*/*', 'Connection': 'keep-alive', 'Authorization': 'Bearer 4c6ac6218d8d9fe1261f2af513dd8a136985a70a944fdeb349f56a0f57a682aacfbe5726ca15be917c064b046afc7e3e08c7bdcb35f7b66371244e9d621adc41'} 
 body=None 
 </msg>
<msg timestamp="20240423 12:14:39.470" level="INFO">GET Response : url=https://testing.allrideapp.com/api/v1/admin/pb/ticket/assigned/list?community=65d35f4f1779211359d1bb2e 
 status=200, reason=OK 
 headers={'Date': 'Tue, 23 Apr 2024 16:14:40 GMT', 'Content-Type': 'application/json; charset=utf-8', 'Content-Length': '1011', 'Connection': 'keep-alive', 'Server': 'nginx', 'X-DNS-Prefetch-Control': 'off', 'X-Frame-Options': 'SAMEORIGIN', 'Strict-Transport-Security': 'max-age=15552000; includeSubDomains', 'X-Download-Options': 'noopen', 'X-Content-Type-Options': 'nosniff', 'X-XSS-Protection': '1; mode=block', 'Access-Control-Allow-Origin': '*', 'X-RateLimit-Limit': '200', 'X-RateLimit-Remaining': '199', 'X-RateLimit-Reset': '1713888928', 'ETag': 'W/"3f3-dGVQF7oJAT8oPSVTHzp4ayZG25M"'} 
 body=[{"id":"65d398d9012812368f0eb811","name":"Naru To","email":"-","communityCustom":[{"listValue":[],"private":true,"_id":"65d398d9012812368f0eb80a","key":"rut","value":"191866819"}],"availableTickets":0},{"id":"65d3991c012812368f0eb84e","name":"Pedro Pascal","email":"-","communityCustom":[{"listValue":[],"private":true,"_id":"65d3991c012812368f0eb847","key":"rut","value":"191866818"}],"availableTickets":2},{"id":"65d39975012812368f0eb88b","name":"Usuario 2","email":"-","communityCustom":[{"listValue":[],"private":true,"_id":"65d39975012812368f0eb884","key":"rut","value":"191866817"}],"availableTickets":2},{"id":"65d512163032ab0a68de1618","name":"Nico End","email":"-","communityCustom":[{"listValue":[],"private":true,"_id":"65d512153032ab0a68de1611","key":"rut","value":"126278489"}],"availableTickets":2},{"id":"661593567f26c7266858a334","name":"Zoro","email":"-","communityCustom":[{"listValue":[],"private":true,"_id":"661593557f26c7266858a32b","key":"rut","value":"126606826"}],"availableTickets":0}] 
 </msg>
<msg timestamp="20240423 12:14:39.470" level="INFO">${response} = &lt;Response [200]&gt;</msg>
[...]
 body=[] 
 </msg>
<msg timestamp="20240423 12:15:26.611" level="INFO">${response} = &lt;Response [200]&gt;</msg>
<status status="PASS" starttime="20240423 12:15:25.710" endtime="20240423 12:15:26.611"/>
</kw>
<kw name="Should Be Equal As Numbers" library="BuiltIn">
<arg>${response.status_code}</arg>
<arg>200</arg>
<doc>Fails if objects are unequal after converting them to real numbers.</doc>
<msg timestamp="20240423 12:15:26.613" level="INFO">Argument types are:
&lt;class 'int'&gt;
&lt;class 'str'&gt;</msg>
<status status="PASS" starttime="20240423 12:15:26.612" endtime="20240423 12:15:26.614"/>
</kw>
<kw name="Log" library="BuiltIn">
<arg>${response.content}</arg>
<doc>Logs the given message with the given level.</doc>
<msg timestamp="20240423 12:15:26.617" level="INFO">[]</msg>
<status status="PASS" starttime="20240423 12:15:26.615" endtime="20240423 12:15:26.617"/>
</kw>
<status status="PASS" starttime="20240423 12:15:25.704" endtime="20240423 12:15:26.618"/>
</test>
<test id="s1-t43" name="Stop Departure With Post Leg" line="934">
<kw name="Create Session" library="RequestsLibrary">
<arg>mysesion</arg>
<arg>${TESTING_URL}</arg>
<arg>verify=true</arg>
<doc>Create Session: create a HTTP session to a server</doc>
<msg timestamp="20240423 12:15:26.623" level="INFO">Creating Session using : alias=mysesion, url=https://testing.allrideapp.com, headers={},                     cookies={}, auth=None, timeout=None, proxies=None, verify=True,                     debug=0 </msg>
<status status="PASS" starttime="20240423 12:15:26.621" endtime="20240423 12:15:26.623"/>
</kw>
<kw name="Create Dictionary" library="BuiltIn">
<var>${headers}</var>
<arg>Authorization=${departureToken}</arg>
<arg>Content-Type=application/json</arg>
<doc>Creates and returns a dictionary based on the given ``items``.</doc>
<msg timestamp="20240423 12:15:26.625" level="INFO">${headers} = {'Authorization': 'Bearer 98fcec1270915017ffe10e28be03850290b04f9f10af5df916d8af1e9714bc2eb95df85b57059ae80572e071f5f414cd48a76c818ce6e5d77897553d8f864d8e', 'Content-Type': 'application/json'}</msg>
<status status="PASS" starttime="20240423 12:15:26.624" endtime="20240423 12:15:26.625"/>
</kw>
<kw name="POST On Session" library="RequestsLibrary">
<var>${response}</var>
<arg>mysesion</arg>
<arg>url=/api/v2/pb/driver/departure/stop</arg>
<arg>data={"customParamsAtEnd":[],"customParamsAtStart":null,"endLat":"-72.6071614","endLon":"-38.7651863","nextLeg":true,"post":{"customParamsAtEnd":null,"customParamsAtStart":null,"preTripChecklist":null},"pre":{"customParamsAtEnd":null,"customParamsAtStart":null,"preTripChecklist":null},"preTripChecklist":null,"service":{"customParamsAtEnd":null,"customParamsAtStart":null,"preTripChecklist":null},"shareToUsers":false}</arg>
<arg>headers=${headers}</arg>
<doc>Sends a POST request on a previously created HTTP Session.</doc>
<msg timestamp="20240423 12:15:27.587" level="INFO">POST Request : url=https://testing.allrideapp.com/api/v2/pb/driver/departure/stop 
 path_url=/api/v2/pb/driver/departure/stop 
 headers={'User-Agent': 'python-requests/2.31.0', 'Accept-Encoding': 'gzip, deflate', 'Accept': '*/*', 'Connection': 'keep-alive', 'Authorization': 'Bearer 98fcec1270915017ffe10e28be03850290b04f9f10af5df916d8af1e9714bc2eb95df85b57059ae80572e071f5f414cd48a76c818ce6e5d77897553d8f864d8e', 'Content-Type': 'application/json', 'Content-Length': '414'} 
 body={"customParamsAtEnd":[],"customParamsAtStart":null,"endLat":"-72.6071614","endLon":"-38.7651863","nextLeg":true,"post":{"customParamsAtEnd":null,"customParamsAtStart":null,"preTripChecklist":null},"pre":{"customParamsAtEnd":null,"customParamsAtStart":null,"preTripChecklist":null},"preTripChecklist":null,"service":{"customParamsAtEnd":null,"customParamsAtStart":null,"preTripChecklist":null},"shareToUsers":false} 
 </msg>
<msg timestamp="20240423 12:15:27.588" level="INFO">POST Response : url=https://testing.allrideapp.com/api/v2/pb/driver/departure/stop 
 status=200, reason=OK 
 headers={'Date': 'Tue, 23 Apr 2024 16:15:28 GMT', 'Content-Type': 'application/json; charset=utf-8', 'Content-Length': '4492', 'Connection': 'keep-alive', 'Server': 'nginx', 'X-DNS-Prefetch-Control': 'off', 'X-Frame-Options': 'SAMEORIGIN', 'Strict-Transport-Security': 'max-age=15552000; includeSubDomains', 'X-Download-Options': 'noopen', 'X-Content-Type-Options': 'nosniff', 'X-XSS-Protection': '1; mode=block', 'Access-Control-Allow-Origin': '*', 'ETag': 'W/"118c-EQUY+8SmXhlfwQq72KWf8Npv3lA"'} 
 body={"restrictPassengers":{"enabled":false,"passengersMustComply":true,"allowedOnValidation":[],"allowedOnReservation":[],"allowedOnVisibility":[]},"superCommunities":["65d4ab3b8b93abd1456cf0d1"],"communities":["65d35f4f1779211359d1bb2e"],"assistantIds":[],"active":true,"sharing":true,"disabled":false,"internal":false,"rounds":0,"distance":0,"scheduled":true,"odd":false,"estimatedDistance":0,"extraMinutes":0,"placeWaitTime":0,"hasExternalGPS":false,"allowsServiceSnapshots":false,"allowsNonServiceSnapshots":false,"allowsSnapshots":false,"allowsDistance":false,"usesOfflineCount":false,"_id":"6627de7d6d5c64eac9899935","communityId":"65d35f4f1779211359d1bb2e","driverId":"65d3918e5f461d12b748ecc5","driverCode":"753","drivers":[],"vehicleId":"65d3a683012812368f0ec43d","busCode":"ABCD12","capacity":0,"routeId":"6627ddc46d5c64eac98997ed","serviceId":"6627ddc46d5c64eac9899802","serviceDate":"2024-04-23T22:00:00.000Z","reservations":[{"waitTime":0,"validated":true,"fromApp":false,"joined":false,"approvedByDriver":true,"_id":"6627de806d5c64eac9899951","userId":"65d512163032ab0a68de1618","seat":"2","stopId":"655d11d88a5a1a1ff0328464"},{"waitTime":0,"validated":false,"fromApp":false,"joined":false,"approvedByDriver":true,"_id":"6627de8177f04ff478fa94a0","userId":"65d3991c012812368f0eb84e","seat":"1","stopId":"655d11d88a5a1a1ff0328464"},{"waitTime":0,"validated":false,"fromApp":false,"joined":false,"approvedByDriver":true,"_id":"6627de826d5c64eac9899961","userId":"661593567f26c7266858a334","seat":"3","stopId":"655d11d88a5a1a1ff0328464"}],"state":"accepted","categories":[],"trail":[],"legs":[{"distance":0,"_id":"6627de846d5c64eac9899970","type":"pre","startedAt":"2024-04-23T16:15:00.834Z","realStartLocation":{"_id":"6627de846d5c64eac9899971","lat":-33.3908833,"lon":-70.54620129999999,"loc":[-70.54620129999999,-33.3908833]},"preTripChecklist":[],"customParamsAtStart":[],"driverId":"65d3918e5f461d12b748ecc5","customParamsAtTheEnd":[],"realEndLocation":{"_id":"6627de8577f04ff478fa94bc","lat":-33.3908833,"lon":-70.54620129999999,"loc":[-70.54620129999999,-33.3908833]},"endedAt":"2024-04-23T16:15:01.769Z"},{"distance":0,"_id":"6627de8577f04ff478fa94bd","type":"service","startedAt":"2024-04-23T16:15:01.776Z","realStartLocation":{"_id":"6627de8577f04ff478fa94be","lat":-33.3908833,"lon":-70.54620129999999,"loc":[-70.54620129999999,-33.3908833]},"driverId":"65d3918e5f461d12b748ecc5","preTripChecklist":[],"customParamsAtStart":[],"customParamsAtTheEnd":[],"realEndLocation":{"_id":"6627dea077f04ff478fa9536","lat":-72.6071614,"lon":-38.7651863,"loc":[-38.7651863,-72.6071614]},"endedAt":"2024-04-23T16:15:28.150Z"},{"distance":0,"_id":"6627dea077f04ff478fa9537","type":"post","startedAt":"2024-04-23T16:15:28.154Z","realStartLocation":{"_id":"6627dea077f04ff478fa9538","lat":-72.6071614,"lon":-38.7651863,"loc":[-38.7651863,-72.6071614]},"driverId":"65d3918e5f461d12b748ecc5","preTripChecklist":[],"customParamsAtStart":[],"customParamsAtTheEnd":[]}],"stateHistory":[{"_id":"6627de7d6d5c64eac9899939","state":"pending","date":"2024-04-23T16:14:53.216Z"},{"_id":"6627de8377f04ff478fa94ae","state":"accepted","driverId":"65d3918e5f461d12b748ecc5","date":"2024-04-23T16:14:59.877Z"},{"_id":"6627de8377f04ff478fa94af","state":"accepted","driverId":"65d3918e5f461d12b748ecc5","date":"2024-04-23T16:14:59.895Z"},{"_id":"6627de8377f04ff478fa94b2","state":"accepted","date":"2024-04-23T16:14:59.907Z"}],"deviceHistory":[],"apportionByCategories":[],"enabledSeats":[{"available":false,"_id":"6627de7d6d5c64eac9899936","seat":"1","userId":"65d3991c012812368f0eb84e"},{"available":false,"_id":"6627de7d6d5c64eac9899937","seat":"2","userId":"65d512163032ab0a68de1618"},{"available":false,"_id":"6627de7d6d5c64eac9899938","seat":"3","userId":"661593567f26c7266858a334"}],"customParams":[],"customParamsAtTheEnd":[],"preTripChecklist":[],"startCapacity":3,"superCommunityId":"65d4ab3b8b93abd1456cf0d1","createdAt":"2024-04-23T16:14:53.215Z","updatedAt":"2024-04-23T16:15:28.160Z","__v":7,"token":"98fcec1270915017ffe10e28be03850290b04f9f10af5df916d8af1e9714bc2eb95df85b57059ae80572e071f5f414cd48a76c818ce6e5d77897553d8f864d8e","realStartLocation":{"_id":"6627de8577f04ff478fa94bb","lat":-33.3908833,"lon":-70.54620129999999,"loc":[-70.54620129999999,-33.3908833]},"startedAt":"2024-04-23T16:15:01.777Z","boardings":3,"unboardings":3,"realEndLocation":{"_id":"6627dea077f04ff478fa9535","lat":-72.6071614,"lon":-38.7651863,"loc":[-38.7651863,-72.6071614]},"endedAt":"2024-04-23T16:15:28.155Z"} 
 </msg>
<msg timestamp="20240423 12:15:27.589" level="INFO">${response} = &lt;Response [200]&gt;</msg>
<status status="PASS" starttime="20240423 12:15:26.626" endtime="20240423 12:15:27.590"/>
</kw>
<kw name="Convert To String" library="BuiltIn">
<var>${code}</var>
<arg>${response.status_code}</arg>
<doc>Converts the given item to a Unicode string.</doc>
<msg timestamp="20240423 12:15:27.593" level="INFO">${code} = 200</msg>
<status status="PASS" starttime="20240423 12:15:27.591" endtime="20240423 12:15:27.593"/>
</kw>
<kw name="Status Should Be" library="RequestsLibrary">
<arg>200</arg>
<doc>Fails if response status code is different than the expected.</doc>
<status status="PASS" starttime="20240423 12:15:27.594" endtime="20240423 12:15:27.595"/>
</kw>
<kw name="Log" library="BuiltIn">
<arg>${code}</arg>
<doc>Logs the given message with the given level.</doc>
<msg timestamp="20240423 12:15:27.597" level="INFO">200</msg>
<status status="PASS" starttime="20240423 12:15:27.595" endtime="20240423 12:15:27.597"/>
</kw>
<status status="PASS" starttime="20240423 12:15:26.620" endtime="20240423 12:15:27.598"/>
</test>
<test id="s1-t44" name="Stop Post Leg Departure" line="954">
<kw name="Create Session" library="RequestsLibrary">
<arg>mysesion</arg>
<arg>${TESTING_URL}</arg>
<arg>verify=true</arg>
<doc>Create Session: create a HTTP session to a server</doc>
<msg timestamp="20240423 12:15:27.602" level="INFO">Creating Session using : alias=mysesion, url=https://testing.allrideapp.com, headers={},                     cookies={}, auth=None, timeout=None, proxies=None, verify=True,                     debug=0 </msg>
<status status="PASS" starttime="20240423 12:15:27.602" endtime="20240423 12:15:27.603"/>
</kw>
<kw name="Create Dictionary" library="BuiltIn">
<var>${headers}</var>
<arg>Authorization=${departureToken}</arg>
<arg>Content-Type=application/json</arg>
<doc>Creates and returns a dictionary based on the given ``items``.</doc>
<msg timestamp="20240423 12:15:27.605" level="INFO">${headers} = {'Authorization': 'Bearer 98fcec1270915017ffe10e28be03850290b04f9f10af5df916d8af1e9714bc2eb95df85b57059ae80572e071f5f414cd48a76c818ce6e5d77897553d8f864d8e', 'Content-Type': 'application/json'}</msg>
<status status="PASS" starttime="20240423 12:15:27.604" endtime="20240423 12:15:27.605"/>
</kw>
<kw name="POST On Session" library="RequestsLibrary">
<var>${response}</var>
<arg>mysesion</arg>
<arg>url=/api/v2/pb/driver/departure/stop</arg>
<arg>data={"customParamsAtEnd":[],"customParamsAtStart":null,"endLat":"-72.6071614","endLon":"-38.7651863","nextLeg":false,"post":{"customParamsAtEnd":null,"customParamsAtStart":null,"preTripChecklist":null},"pre":{"customParamsAtEnd":null,"customParamsAtStart":null,"preTripChecklist":null},"preTripChecklist":null,"service":{"customParamsAtEnd":null,"customParamsAtStart":null,"preTripChecklist":null},"shareToUsers":false}</arg>
<arg>headers=${headers}</arg>
<doc>Sends a POST request on a previously created HTTP Session.</doc>
<msg timestamp="20240423 12:15:28.637" level="INFO">POST Request : url=https://testing.allrideapp.com/api/v2/pb/driver/departure/stop 
 path_url=/api/v2/pb/driver/departure/stop 
 headers={'User-Agent': 'python-requests/2.31.0', 'Accept-Encoding': 'gzip, deflate', 'Accept': '*/*', 'Connection': 'keep-alive', 'Authorization': 'Bearer 98fcec1270915017ffe10e28be03850290b04f9f10af5df916d8af1e9714bc2eb95df85b57059ae80572e071f5f414cd48a76c818ce6e5d77897553d8f864d8e', 'Content-Type': 'application/json', 'Content-Length': '415'} 
 body={"customParamsAtEnd":[],"customParamsAtStart":null,"endLat":"-72.6071614","endLon":"-38.7651863","nextLeg":false,"post":{"customParamsAtEnd":null,"customParamsAtStart":null,"preTripChecklist":null},"pre":{"customParamsAtEnd":null,"customParamsAtStart":null,"preTripChecklist":null},"preTripChecklist":null,"service":{"customParamsAtEnd":null,"customParamsAtStart":null,"preTripChecklist":null},"shareToUsers":false} 
 </msg>
<msg timestamp="20240423 12:15:28.638" level="INFO">POST Response : url=https://testing.allrideapp.com/api/v2/pb/driver/departure/stop 
 status=200, reason=OK 
 headers={'Date': 'Tue, 23 Apr 2024 16:15:29 GMT', 'Content-Type': 'application/json; charset=utf-8', 'Content-Length': '4651', 'Connection': 'keep-alive', 'Server': 'nginx', 'X-DNS-Prefetch-Control': 'off', 'X-Frame-Options': 'SAMEORIGIN', 'Strict-Transport-Security': 'max-age=15552000; includeSubDomains', 'X-Download-Options': 'noopen', 'X-Content-Type-Options': 'nosniff', 'X-XSS-Protection': '1; mode=block', 'Access-Control-Allow-Origin': '*', 'ETag': 'W/"122b-LscjwKjKLqzLj2KSS3CkAQ2QJvw"'} 
 body={"restrictPassengers":{"enabled":false,"passengersMustComply":true,"allowedOnValidation":[],"allowedOnReservation":[],"allowedOnVisibility":[]},"superCommunities":["65d4ab3b8b93abd1456cf0d1"],"communities":["65d35f4f1779211359d1bb2e"],"assistantIds":[],"active":false,"sharing":true,"disabled":false,"internal":false,"rounds":0,"distance":0,"scheduled":true,"odd":false,"estimatedDistance":0,"extraMinutes":0,"placeWaitTime":0,"hasExternalGPS":false,"allowsServiceSnapshots":false,"allowsNonServiceSnapshots":false,"allowsSnapshots":false,"allowsDistance":false,"usesOfflineCount":false,"_id":"6627de7d6d5c64eac9899935","communityId":"65d35f4f1779211359d1bb2e","driverId":"65d3918e5f461d12b748ecc5","driverCode":"753","drivers":[],"vehicleId":"65d3a683012812368f0ec43d","busCode":"ABCD12","capacity":0,"routeId":"6627ddc46d5c64eac98997ed","serviceId":"6627ddc46d5c64eac9899802","serviceDate":"2024-04-23T22:00:00.000Z","reservations":[{"waitTime":0,"validated":true,"fromApp":false,"joined":false,"approvedByDriver":true,"_id":"6627de806d5c64eac9899951","userId":"65d512163032ab0a68de1618","seat":"2","stopId":"655d11d88a5a1a1ff0328464"},{"waitTime":0,"validated":false,"fromApp":false,"joined":false,"approvedByDriver":true,"_id":"6627de8177f04ff478fa94a0","userId":"65d3991c012812368f0eb84e","seat":"1","stopId":"655d11d88a5a1a1ff0328464"},{"waitTime":0,"validated":false,"fromApp":false,"joined":false,"approvedByDriver":true,"_id":"6627de826d5c64eac9899961","userId":"661593567f26c7266858a334","seat":"3","stopId":"655d11d88a5a1a1ff0328464"}],"state":"accepted","categories":[],"trail":[],"legs":[{"distance":0,"_id":"6627de846d5c64eac9899970","type":"pre","startedAt":"2024-04-23T16:15:00.834Z","realStartLocation":{"_id":"6627de846d5c64eac9899971","lat":-33.3908833,"lon":-70.54620129999999,"loc":[-70.54620129999999,-33.3908833]},"preTripChecklist":[],"customParamsAtStart":[],"driverId":"65d3918e5f461d12b748ecc5","customParamsAtTheEnd":[],"realEndLocation":{"_id":"6627de8577f04ff478fa94bc","lat":-33.3908833,"lon":-70.54620129999999,"loc":[-70.54620129999999,-33.3908833]},"endedAt":"2024-04-23T16:15:01.769Z"},{"distance":0,"_id":"6627de8577f04ff478fa94bd","type":"service","startedAt":"2024-04-23T16:15:01.776Z","realStartLocation":{"_id":"6627de8577f04ff478fa94be","lat":-33.3908833,"lon":-70.54620129999999,"loc":[-70.54620129999999,-33.3908833]},"driverId":"65d3918e5f461d12b748ecc5","preTripChecklist":[],"customParamsAtStart":[],"customParamsAtTheEnd":[],"realEndLocation":{"_id":"6627dea077f04ff478fa9536","lat":-72.6071614,"lon":-38.7651863,"loc":[-38.7651863,-72.6071614]},"endedAt":"2024-04-23T16:15:28.150Z"},{"distance":0,"_id":"6627dea077f04ff478fa9537","type":"post","startedAt":"2024-04-23T16:15:28.154Z","realStartLocation":{"_id":"6627dea077f04ff478fa9538","lat":-72.6071614,"lon":-38.7651863,"loc":[-38.7651863,-72.6071614]},"driverId":"65d3918e5f461d12b748ecc5","preTripChecklist":[],"customParamsAtStart":[],"customParamsAtTheEnd":[],"realEndLocation":{"_id":"6627dea16d5c64eac98999c9","lat":-72.6071614,"lon":-38.7651863,"loc":[-38.7651863,-72.6071614]},"endedAt":"2024-04-23T16:15:29.143Z"}],"stateHistory":[{"_id":"6627de7d6d5c64eac9899939","state":"pending","date":"2024-04-23T16:14:53.216Z"},{"_id":"6627de8377f04ff478fa94ae","state":"accepted","driverId":"65d3918e5f461d12b748ecc5","date":"2024-04-23T16:14:59.877Z"},{"_id":"6627de8377f04ff478fa94af","state":"accepted","driverId":"65d3918e5f461d12b748ecc5","date":"2024-04-23T16:14:59.895Z"},{"_id":"6627de8377f04ff478fa94b2","state":"accepted","date":"2024-04-23T16:14:59.907Z"}],"deviceHistory":[],"apportionByCategories":[],"enabledSeats":[{"available":false,"_id":"6627de7d6d5c64eac9899936","seat":"1","userId":"65d3991c012812368f0eb84e"},{"available":false,"_id":"6627de7d6d5c64eac9899937","seat":"2","userId":"65d512163032ab0a68de1618"},{"available":false,"_id":"6627de7d6d5c64eac9899938","seat":"3","userId":"661593567f26c7266858a334"}],"customParams":[],"customParamsAtTheEnd":[],"preTripChecklist":[],"startCapacity":3,"superCommunityId":"65d4ab3b8b93abd1456cf0d1","createdAt":"2024-04-23T16:14:53.215Z","updatedAt":"2024-04-23T16:15:29.165Z","__v":7,"token":"98fcec1270915017ffe10e28be03850290b04f9f10af5df916d8af1e9714bc2eb95df85b57059ae80572e071f5f414cd48a76c818ce6e5d77897553d8f864d8e","realStartLocation":{"_id":"6627de8577f04ff478fa94bb","lat":-33.3908833,"lon":-70.54620129999999,"loc":[-70.54620129999999,-33.3908833]},"startedAt":"2024-04-23T16:15:01.777Z","boardings":3,"unboardings":3,"endedAt":"2024-04-23T16:15:29.160Z","realEndLocation":{"_id":"6627dea16d5c64eac98999ca","lat":-72.6071614,"lon":-38.7651863,"loc":[-38.7651863,-72.6071614]}} 
 </msg>
<msg timestamp="20240423 12:15:28.638" level="INFO">${response} = &lt;Response [200]&gt;</msg>
<status status="PASS" starttime="20240423 12:15:27.606" endtime="20240423 12:15:28.638"/>
</kw>
<kw name="Convert To String" library="BuiltIn">
<var>${code}</var>
<arg>${response.status_code}</arg>
<doc>Converts the given item to a Unicode string.</doc>
<msg timestamp="20240423 12:15:28.642" level="INFO">${code} = 200</msg>
<status status="PASS" starttime="20240423 12:15:28.640" endtime="20240423 12:15:28.642"/>
</kw>
<kw name="Status Should Be" library="RequestsLibrary">
<arg>200</arg>
<doc>Fails if response status code is different than the expected.</doc>
<status status="PASS" starttime="20240423 12:15:28.643" endtime="20240423 12:15:28.644"/>
</kw>
<kw name="Log" library="BuiltIn">
<arg>${code}</arg>
<doc>Logs the given message with the given level.</doc>
<msg timestamp="20240423 12:15:28.646" level="INFO">200</msg>
<status status="PASS" starttime="20240423 12:15:28.645" endtime="20240423 12:15:28.646"/>
</kw>
<status status="PASS" starttime="20240423 12:15:27.600" endtime="20240423 12:15:28.647"/>
</test>
<status status="FAIL" starttime="20240423 12:14:27.040" endtime="20240423 12:15:28.651"/>
</suite>
<statistics>
<total>
<stat pass="37" fail="7" skip="0">All Tests</stat>
</total>
<tag>
</tag>
<suite>
<stat pass="37" fail="7" skip="0" id="s1" name="scheduledWithTickets">scheduledWithTickets</stat>
</suite>
</statistics>
<errors>
<msg timestamp="20240423 12:14:50.792" level="WARN">Keyword 'BuiltIn.Run Keyword Unless' is deprecated. </msg>
</errors>
</robot>
